2025-10-15 14:17:02 - Failed to extract APK metadata from 1021 v1.0.apk: Command '['aapt', 'dump', 'badging', '1021 v1.0.apk']' returned non-zero exit status 1.
2025-10-15 14:17:06 - Renamed to Bullet Echo v7.4.0.apk
2025-10-15 14:17:06 - Renamed to Bullet Echo v7.4.0 (1).apk
2025-10-15 14:17:06 - Renamed to Bullet Echo v7.4.0 (2).apk
2025-10-15 14:17:06 - Renamed to Place Your People v1.0.0.apk
2025-10-15 14:17:06 - Renamed to Noodle Out v0.1.0.apk
2025-10-15 14:17:06 - Renamed to Place Your People v1.0.0 (2).apk
2025-10-15 14:17:06 - Renamed to HappyCouchBurglars v1.0.0.apk
2025-10-15 14:17:06 - Renamed to Bullet Echo v7.6.0.apk
2025-10-15 14:17:06 - Renamed to Bullet Echo v7.6.0 (1).apk
2025-10-15 14:17:06 - Renamed to Fantasy Miner v1.0.0.apk
2025-10-15 14:17:06 - Renamed to Overcrowded Dungeons v1.0.0.apk
2025-10-15 14:17:06 - Renamed to Idle Racing v1.0.0.apk
2025-10-15 14:17:06 - Renamed to Overcrowded Dungeons v1.0.0 (1).apk
2025-10-15 14:17:06 - Renamed to Idle Art v1.0.0.apk
2025-10-15 14:17:06 - Renamed to Space Litter v1.0.0.apk
2025-10-15 14:17:06 - Renamed to Space Litter v1.0.0 (3).apk
2025-10-15 14:17:06 - Renamed to Space Litter v1.0.0 (5).apk
2025-10-15 14:17:06 - Renamed to draw-the-rope v1.0.apk
2025-10-15 14:17:06 - Renamed to Space Litter v1.0.0 (6).apk
2025-10-15 14:17:06 - Renamed to Cowboy Valley v0.27.0.apk
2025-10-15 14:17:06 - Renamed to OmNomFarm v0.1.11.apk
2025-10-15 14:17:06 - Renamed to Cowboy Valley v0.27.0 (1).apk
2025-10-15 14:17:06 - Renamed to Steel Revolt v1.3.apk
2025-10-15 14:17:06 - Renamed to Zombillion Spin v0.0.1.apk
2025-10-15 14:17:06 - Renamed to Necro Horde v0.1.0.apk
2025-10-15 14:17:06 - Renamed to Cut the Rope_ Origins Dev v0.18.0.apk
2025-10-15 14:17:06 - Renamed to BagMasters v0.0.1.apk
2025-10-15 14:17:06 - Renamed to Cut the Rope_ Origins v0.18.0.apk
2025-10-15 14:17:06 - Renamed to BagMasters v0.0.1 (4).ipa
2025-10-15 14:17:06 - Renamed to BagMasters v0.0.1 (1).apk
2025-10-15 14:17:06 - Renamed to Bullet Echo v7.0.0.apk
2025-10-15 14:17:06 - Renamed to BagMasters v0.0.1 (4).apk
2025-10-15 14:17:06 - Renamed to BagMasters v0.0.1 (5).ipa
2025-10-15 14:17:06 - Renamed to BagMasters v0.0.1 (6).ipa
2025-10-15 14:17:06 - Renamed to BagMasters v0.0.1 (7).ipa
2025-10-15 14:17:06 - Renamed to Cut the Rope_ Origins RC v0.23.0.apk
2025-10-15 14:17:06 - Renamed to BigAdventure v1.0 (1).ipa
2025-10-15 14:17:06 - Renamed to BagMasters v0.0.1 (5).apk
2025-10-15 14:17:06 - Renamed to Bullet Echo India_ Battle Royale v6.7.2 (6).ipa
2025-10-15 14:17:06 - Renamed to Bullet Echo India_ Battle Royale v6.7.2 (7).ipa
2025-10-15 14:17:06 - Renamed to BigAdventure v1.0 (1).apk
2025-10-15 14:17:06 - Renamed to Bullet Echo India_ Battle Royale v6.7.2 (8).ipa
2025-10-15 14:17:06 - Renamed to Bullet Echo India_ Battle Royale v6.7.2 (9).ipa
2025-10-15 14:17:06 - Renamed to Bullet Echo India_ Battle Royale v6.7.2 (10).ipa
2025-10-15 14:17:06 - Renamed to Bullet Echo India_ Battle Royale v6.7.2 (1).apk
2025-10-15 14:17:06 - Renamed to Bullet Echo India_ Battle Royale v6.7.2 (11).ipa
2025-10-15 14:17:06 - Renamed to Bullet Echo v6.7.0 (1).apk
2025-10-15 14:17:06 - Renamed to Bullet Echo v7.0.0 (3).apk
2025-10-15 14:17:06 - Renamed to Bullet Echo v7.0.0 (4).apk
2025-10-15 14:17:06 - Renamed to Bullet Echo v7.4.0 (6).apk
2025-10-15 14:17:06 - Renamed to Bullet Echo v6.7.0 (1).ipa
2025-10-15 14:17:06 - Renamed to Bullet Echo v7.4.0 (7).apk
2025-10-15 14:17:06 - Renamed to Bullet Echo v7.5.0 (1).apk
2025-10-15 14:17:06 - Renamed to Bullet Echo v7.4.0 (8).apk
2025-10-15 14:17:06 - Renamed to Bullet Echo v7.6.0 (4).apk
2025-10-15 14:17:06 - Renamed to Bullet Echo v7.6.0 (5).apk
2025-10-15 14:17:06 - Renamed to bulletecho v7.0.0 (3).ipa
2025-10-15 14:17:06 - Renamed to bulletecho v7.0.0 (4).ipa
2025-10-15 14:17:06 - Renamed to bulletecho v7.4.0 (5).ipa
2025-10-15 14:17:06 - Renamed to bulletecho v7.0.0 (5).ipa
2025-10-15 14:17:06 - Renamed to bulletecho v7.4.0 (6).ipa
2025-10-15 14:17:06 - Renamed to bulletecho v7.4.0 (7).ipa
2025-10-15 14:17:07 - Renamed to bulletecho v7.6.0 (3).ipa
2025-10-15 14:17:07 - Renamed to bulletecho v7.4.0 (8).ipa
2025-10-15 14:17:07 - Renamed to bulletecho v7.4.0 (9).ipa
2025-10-15 14:17:07 - Renamed to bulletecho v7.6.0 (4).ipa
2025-10-15 14:17:07 - Renamed to Cargo Craze v1.0.0 (1).ipa
2025-10-15 14:17:07 - Renamed to bulletecho v7.6.0 (5).ipa
2025-10-15 14:17:07 - Renamed to Cargo Craze v1.0.0 (1).apk
2025-10-15 14:17:07 - Renamed to Cowboy Valley v0.26.0 (4).ipa
2025-10-15 14:17:07 - Renamed to Cowboy Valley v0.24.0 (1).ipa
2025-10-15 14:17:07 - Renamed to Cowboy Valley v0.26.0 (5).ipa
2025-10-15 14:17:07 - Renamed to Cowboy Valley v0.26.0 (6).ipa
2025-10-15 14:17:07 - Renamed to Cowboy Valley v0.26.0 (7).ipa
2025-10-15 14:17:07 - Renamed to Cowboy Valley v0.24.0 (1).apk
2025-10-15 14:17:07 - Renamed to Circle Defender v0.1.0 (1).apk
2025-10-15 14:17:07 - Renamed to Cozy City v0.0.1 (2).ipa
2025-10-15 14:17:07 - Renamed to Cowboy Valley v0.27.0 (5).apk
2025-10-15 14:17:07 - Renamed to Cozy City v0.0.1 (3).ipa
2025-10-15 14:17:07 - Renamed to Cowboy Valley v0.27.0 (6).apk
2025-10-15 14:17:07 - Renamed to Cozy City v0.0.2 (1).ipa
2025-10-15 14:17:07 - Renamed to Cowboy Valley v0.27.0 (7).apk
2025-10-15 14:17:07 - Renamed to crashtest v0.0.8 (1).ipa
2025-10-15 14:17:07 - Renamed to Cozy City v0.0.1 (1).apk
2025-10-15 14:17:07 - Renamed to CTRNibbleAdventure v1.0 (1).ipa
2025-10-15 14:17:07 - Renamed to Cut the Rope 3 v1.3.0 (1).ipa
2025-10-15 14:17:07 - Renamed to Cozy City v0.0.2 (1).apk
2025-10-15 14:17:07 - Renamed to Cut the Rope Daily v1.10.0 (1).ipa
2025-10-15 14:17:07 - Renamed to Cut the Rope Daily v1.10.0 (1).apk
2025-10-15 14:17:07 - Renamed to Cut the Rope Daily v1.11.0 (1).ipa
2025-10-15 14:17:07 - Renamed to crashtest v0.0.8 (1).apk
2025-10-15 14:17:07 - Renamed to CTRNibbleAdventure v1.0 (1).apk
2025-10-15 14:17:07 - Renamed to Cut the Rope Daily v1.12.0 (1).ipa
2025-10-15 14:17:07 - Renamed to Cut the Rope Daily v1.6.0 (1).ipa
2025-10-15 14:17:07 - Renamed to Cut the Rope Daily v1.12.0 (1).apk
2025-10-15 14:17:07 - Renamed to Cut the Rope Daily v1.11.0 (1).apk
2025-10-15 14:17:07 - Renamed to Cut the Rope Daily v1.9.0 (1).ipa
2025-10-15 14:17:07 - Renamed to Cut the Rope_ Origins Dev v10.18.0 (1).ipa
2025-10-15 14:17:07 - Renamed to Cut the Rope Daily v1.9.0 (1).apk
2025-10-15 14:17:07 - Renamed to Cut the Rope Daily v1.6.0 (1).apk
2025-10-15 14:17:07 - Renamed to Cut the Rope_ Origins Dev v0.18.0 (2).apk
2025-10-15 14:17:07 - Renamed to Cut the Rope_ Origins PTC v0.24.0 (1).apk
2025-10-15 14:17:07 - Renamed to Cut the Rope_ Origins PTC v0.25.0 (1).apk
2025-10-15 14:17:07 - Renamed to Cut the Rope_ Origins RC v0.18.0 (1).apk
2025-10-15 14:17:07 - Renamed to Cut the Rope_ Origins RC v0.21.0 (1).apk
2025-10-15 14:17:07 - Renamed to Cut the Rope_ Origins RC v0.22.0 (1).apk
2025-10-15 14:17:07 - Renamed to Cut the Rope_ Origins RC v10.17.0 (1).ipa
2025-10-15 14:17:07 - Renamed to Cut the Rope_ Origins RC v10.18.0 (2).ipa
2025-10-15 14:17:07 - Renamed to Cut the Rope_ Origins RC v10.18.0 (3).ipa
2025-10-15 14:17:07 - Renamed to Cut the Rope_ Origins RC v10.21.0 (1).ipa
2025-10-15 14:17:07 - Renamed to Cut the Rope_ Origins RC v10.22.0 (1).ipa
2025-10-15 14:17:07 - Renamed to Cut the Rope_ Origins RC v10.23.0 (2).ipa
2025-10-15 14:17:07 - Renamed to Cut the Rope_ Origins RC v10.23.0 (3).ipa
2025-10-15 14:17:07 - Renamed to Cut the Rope_ Origins RC v0.23.0 (2).apk
2025-10-15 14:17:07 - Renamed to Cut the Rope_ Origins RC v10.24.0 (1).ipa
2025-10-15 14:17:07 - Renamed to Cut the Rope_ Origins RC v10.26.0 (1).ipa
2025-10-15 14:17:07 - Renamed to Cut the Rope_ Origins RC v10.25.0 (1).ipa
2025-10-15 14:17:07 - Renamed to Cut the Rope_ Origins RC v10.9.0 (1).ipa
2025-10-15 14:17:07 - Renamed to Cut the Rope_ Origins RC v0.9.0 (1).apk
2025-10-15 14:17:07 - Renamed to Cut the Rope_ Origins v0.17.0 (1).apk
2025-10-15 14:17:07 - Renamed to Dice War TD v0.1.0 (1).ipa
2025-10-15 14:17:07 - Renamed to draw-the-rope v1.0.0 (2).ipa
2025-10-15 14:17:07 - Renamed to Cut the Rope_ Origins v0.18.0 (2).apk
2025-10-15 14:17:07 - Renamed to draw-the-rope v1.0.0 (3).ipa
2025-10-15 14:17:07 - Renamed to DreamSchool v1.0.0 (1).ipa
2025-10-15 14:17:07 - Renamed to Emoji Shooter v1.0 (2).ipa
2025-10-15 14:17:07 - Renamed to Dice War TD v0.1.0 (1).apk
2025-10-15 14:17:07 - Renamed to Emoji Shooter v1.0 (3).ipa
2025-10-15 14:17:07 - Renamed to Esher TD v0.0.1 (1).ipa
2025-10-15 14:17:07 - Renamed to draw-the-rope v1.0 (2).apk
2025-10-15 14:17:07 - Renamed to Fantasy Miner v1.0.0 (2).ipa
2025-10-15 14:17:07 - Renamed to Fantasy Miner v1.0.0 (3).ipa
2025-10-15 14:17:07 - Renamed to Esher TD v0.0.1 (1).apk
2025-10-15 14:17:07 - Renamed to Fortress Pop v1.0.0 (1).ipa
2025-10-15 14:17:07 - Renamed to Emoji Shooter v1.0 (1).apk
2025-10-15 14:17:07 - Renamed to Fantasy Miner v1.0.0 (2).apk
2025-10-15 14:17:07 - Renamed to Fortress Pop v1.0.0 (1).apk
2025-10-15 14:17:07 - Renamed to Furniture Out v1.0.0 (1).ipa
2025-10-15 14:17:07 - Renamed to Gear Drop Heroes v0.0.1 (1).ipa
2025-10-15 14:17:07 - Renamed to HappyCouchBurglars v1.0.0 (3).ipa
2025-10-15 14:17:07 - Renamed to HappyCouchBurglars v1.0.0 (4).ipa
2025-10-15 14:17:07 - Renamed to HappyCouchBurglars v1.0.0 (5).ipa
2025-10-15 14:17:07 - Renamed to Furniture Out v1.0.0 (1).apk
2025-10-15 14:17:07 - Renamed to Idle Art v1.0.0 (5).ipa
2025-10-15 14:17:07 - Renamed to HappyCouchBurglars v1.0.0 (3).apk
2025-10-15 14:17:07 - Renamed to Idle Art v1.0.0 (6).ipa
2025-10-15 14:17:07 - Renamed to Idle Art v1.0.0 (7).ipa
2025-10-15 14:17:07 - Renamed to Idle Art v1.0.0 (8).ipa
2025-10-15 14:17:07 - Renamed to HappyCouchBurglars v1.0.0 (4).apk
2025-10-15 14:17:07 - Renamed to Idle Art v1.0.0 (9).ipa
2025-10-15 14:17:07 - Renamed to Idle Hunters 1 v1.1.2 (1).ipa
2025-10-15 14:17:07 - Renamed to Idle Hunters 2 v1.0.4 (1).ipa
2025-10-15 14:17:07 - Renamed to Idle Hunters 1 v1.1.2 (1).apk
2025-10-15 14:17:07 - Renamed to Idle Racing v1.0.0 (4).ipa
2025-10-15 14:17:07 - Renamed to Idle Art v1.0.0 (2).apk
2025-10-15 14:17:07 - Renamed to Idle Racing v1.0.0 (5).ipa
2025-10-15 14:17:07 - Renamed to Idle Hunters 2 v1.0.4 (1).apk
2025-10-15 14:17:07 - Renamed to Idle Racing v1.0.0 (6).ipa
2025-10-15 14:17:07 - Renamed to Idle Racing v1.0.0 (7).ipa
2025-10-15 14:17:07 - Renamed to Idle Racing v1.0.0 (3).apk
2025-10-15 14:17:07 - Renamed to Kaiten Sushi Merge Deluxe v0.1.0 (1).ipa
2025-10-15 14:17:07 - Renamed to Idle Racing v1.0.0 (4).apk
2025-10-15 14:17:07 - Renamed to King of Sticks v0.1.0 (1).ipa
2025-10-15 14:17:07 - Renamed to Idle Tiny Hunters v0.2.2 (1).ipa
2025-10-15 14:17:07 - Renamed to Last Walker v0.1.0 (1).ipa
2025-10-15 14:17:07 - Renamed to Idle Tiny Hunters v0.2.0 (1).apk
2025-10-15 14:17:07 - Renamed to mergelife v0.0.1 (1).ipa
2025-10-15 14:17:07 - Renamed to King of Sticks v0.1.0 (1).apk
2025-10-15 14:17:07 - Renamed to Last Walker v0.1.0 (1).apk
2025-10-15 14:17:07 - Renamed to Motor Clash v0.1.0 (1).ipa
2025-10-15 14:17:07 - Renamed to Necro Horde v0.1.0 (1).ipa
2025-10-15 14:17:07 - Renamed to mergelife v0.0.1 (1).apk
2025-10-15 14:17:07 - Renamed to Necro Horde v0.1.1 (1).ipa
2025-10-15 14:17:07 - Renamed to Motor Clash v0.1.0 (1).apk
2025-10-15 14:17:07 - Renamed to Necro Horde v0.1.0 (2).apk
2025-10-15 14:17:07 - Renamed to Neon Merge Guards v0.1.1 (1).ipa
2025-10-15 14:17:07 - Renamed to Necro Horde v0.1.1 (1).apk
2025-10-15 14:17:07 - Renamed to Neon Merge Guards v0.1.1 (1).apk
2025-10-15 14:17:07 - Renamed to Noodle Out v0.1.0 (2).ipa
2025-10-15 14:17:07 - Renamed to Noodle Out v0.1.0 (3).ipa
2025-10-15 14:17:07 - Renamed to OmNom Verse v1.0.3 (2).ipa
2025-10-15 14:17:07 - Renamed to OmNom Verse v1.0.3 (3).ipa
2025-10-15 14:17:07 - Renamed to OC Arena v0.5.23 (1).apk
2025-10-15 14:17:07 - Renamed to OmNomFarm v0.1.11 (2).apk
2025-10-15 14:17:07 - Renamed to OmNomMagicCandies v1.0 (1).ipa
2025-10-15 14:17:07 - Renamed to Om Nom Run 2 v3.0.18 (1).apk
2025-10-15 14:17:07 - Renamed to OnSweetDreams v1.0 (1).ipa
2025-10-15 14:17:07 - Renamed to Noodle Out v0.1.0 (2).apk
2025-10-15 14:17:07 - Renamed to Overcrowded Dungeons v1.0.0 (5).ipa
2025-10-15 14:17:07 - Renamed to Overcrowded Dungeons v1.0.0 (6).ipa
2025-10-15 14:17:07 - Renamed to OnSweetDreams v1.0 (1).apk
2025-10-15 14:17:07 - Renamed to Overcrowded Dungeons v1.0.0 (7).ipa
2025-10-15 14:17:07 - Renamed to Overcrowded Dungeons v1.0.0 (8).ipa
2025-10-15 14:17:07 - Renamed to OmNomMagicCandies v1.0 (1).apk
2025-10-15 14:17:07 - Renamed to Overcrowded Dungeons v1.0.0 (4).apk
2025-10-15 14:17:07 - Renamed to Overcrowded Dungeons v1.0.0 (9).ipa
2025-10-15 14:17:07 - Renamed to Overcrowded Dungeons v1.0.0 (5).apk
2025-10-15 14:17:07 - Renamed to Overcrowded_ Airplane v0.9.2 (1).ipa
2025-10-15 14:17:07 - Renamed to Place Your People v1.0.0 (4).ipa
2025-10-15 14:17:07 - Renamed to Place Your People v1.0.0 (5).ipa
2025-10-15 14:17:07 - Renamed to Place Your People v1.0.0 (5).apk
2025-10-15 14:17:07 - Renamed to Overcrowded_ Airplane v0.9.2 (1).apk
2025-10-15 14:17:07 - Renamed to Place Your People v1.0.0 (6).ipa
2025-10-15 14:17:07 - Renamed to Place Your People v1.0.0 (7).ipa
2025-10-15 14:17:07 - Renamed to RollingOut v1.0.0 (1).ipa
2025-10-15 14:17:07 - Renamed to Place Your People v1.0.0 (6).apk
2025-10-15 14:17:07 - Renamed to Slide Fortress v0.1.0 (1).ipa
2025-10-15 14:17:07 - Renamed to Snackdown v1.0 (2).ipa
2025-10-15 14:17:07 - Renamed to RollingOut v1.0.0 (1).apk
2025-10-15 14:17:07 - Renamed to Snackdown v1.0 (3).ipa
2025-10-15 14:17:07 - Renamed to Place Your People v1.0.0 (7).apk
2025-10-15 14:17:07 - Renamed to Snackdown v1.0 (1).apk
2025-10-15 14:17:07 - Renamed to Space Litter v1.0.0 (11).ipa
2025-10-15 14:17:07 - Renamed to Slide Fortress v0.1.0 (1).apk
2025-10-15 14:17:07 - Renamed to Space Litter v1.0.0 (12).ipa
2025-10-15 14:17:07 - Renamed to Space Litter v1.0.0 (13).ipa
2025-10-15 14:17:07 - Renamed to Space Litter v1.0.0 (14).ipa
2025-10-15 14:17:07 - Renamed to Space Litter v1.0.0 (11).apk
2025-10-15 14:17:07 - Renamed to Space Litter v1.0.0 (12).apk
2025-10-15 14:17:07 - Renamed to Space Litter v1.0.0 (15).ipa
2025-10-15 14:17:07 - Renamed to Space Litter v1.0.0 (16).ipa
2025-10-15 14:17:07 - Renamed to Space Litter v1.0.0 (13).apk
2025-10-15 14:17:07 - Renamed to Space Litter v1.0.0 (17).ipa
2025-10-15 14:17:07 - Renamed to Space Litter v1.0.0 (18).ipa
2025-10-15 14:17:07 - Renamed to Space Litter v1.0.0 (14).apk
2025-10-15 14:17:07 - Renamed to Space Litter v1.0.0 (19).ipa
2025-10-15 14:17:07 - Renamed to Space Litter v1.0.0 (20).ipa
2025-10-15 14:17:07 - Renamed to Space Litter v1.0.0 (21).ipa
2025-10-15 14:17:07 - Renamed to Space Litter v1.0.0 (15).apk
2025-10-15 14:17:07 - Renamed to Stagecoach Caravan Defender v0.0.1 (1).ipa
2025-10-15 14:17:07 - Renamed to Steel Revolt v0.1 (1).ipa
2025-10-15 14:17:07 - Renamed to Space Litter v1.0.0 (16).apk
2025-10-15 14:17:07 - Renamed to Space Litter v1.0.0 (17).apk
2025-10-15 14:17:07 - Renamed to Steel Revolt v1.0 (1).ipa
2025-10-15 14:17:07 - Renamed to Stagecoach Caravan Defender v0.0.1 (1).apk
2025-10-15 14:17:07 - Renamed to Steel Revolt v1.12 (1).ipa
2025-10-15 14:17:07 - Renamed to Steel Revolt v1.15 (1).ipa
2025-10-15 14:17:07 - Renamed to Steel Revolt v1.12 (1).apk
2025-10-15 14:17:07 - Renamed to Steel Revolt v1.0 (1).apk
2025-10-15 14:17:07 - Renamed to Steel Revolt v1.3 (2).apk
2025-10-15 14:17:07 - Renamed to Steel Revolt v1.15 (1).apk
2025-10-15 14:17:07 - Renamed to Steel Revolt v1.7 (1).ipa
2025-10-15 14:17:07 - Renamed to Steel Revolt v1.8 (1).ipa
2025-10-15 14:17:07 - Renamed to Steel Revolt v1.5 (1).apk
2025-10-15 14:17:07 - Renamed to Steel Revolt v1.9 (1).ipa
2025-10-15 14:17:07 - Renamed to Steel Revolt v1.7 (1).apk
2025-10-15 14:17:07 - Renamed to SteelRevolt v2.0.0 (1).ipa
2025-10-15 14:17:07 - Renamed to Steel Revolt v1.8 (1).apk
2025-10-15 14:17:07 - Renamed to Stronghold Defense v0.0.1 (1).ipa
2025-10-15 14:17:07 - Renamed to Steel Revolt v1.9 (1).apk
2025-10-15 14:17:07 - Renamed to Stronghold v0.0.1 (1).ipa
2025-10-15 14:17:07 - Renamed to SteelRevolt v2.0.0 (1).apk
2025-10-15 14:17:07 - Renamed to Stronghold v0.0.1 (1).apk
2025-10-15 14:17:07 - Renamed to Stronghold Defense v0.0.1 (1).apk
2025-10-15 14:17:07 - Renamed to Sushi Merge Wasabi Rush v0.1.0 (1).ipa
2025-10-15 14:17:07 - Renamed to Swarmhold v1.4 (1).ipa
2025-10-15 14:17:07 - Renamed to Sushi Merge Wasabi Rush v0.1.0 (1).apk
2025-10-15 14:17:07 - Renamed to SweetHarvest v1.0 (1).apk
2025-10-15 14:17:07 - Renamed to Tile Tint v0.1.0 (1).ipa
2025-10-15 14:17:07 - Renamed to They are almost billion v0.0.1 (1).apk
2025-10-15 14:17:07 - Renamed to Swarmhold v1.4 (1).apk
2025-10-15 14:17:07 - Renamed to Tile Tint v0.1.0 (1).apk
2025-10-15 14:17:07 - Renamed to Tiny Hunters v3.11.0 (1).ipa
2025-10-15 14:17:07 - Renamed to Tiny Hunters v3.11.0 (1).apk
2025-10-15 14:17:07 - Renamed to Turn To Orange v1.0.0 (1).ipa
2025-10-15 14:17:07 - Renamed to Volcano Pop v0.1.0 (1).ipa
2025-10-15 14:17:07 - Renamed to Westward Rancher v0.0.1 (1).ipa
2025-10-15 14:17:07 - Renamed to Wicked Woods v1.0 (1).ipa
2025-10-15 14:17:07 - Renamed to Turn To Orange v1.0.0 (1).apk
2025-10-15 14:17:07 - Renamed to Volcano Pop v0.1.0 (1).apk
2025-10-15 14:17:07 - Renamed to Wobble Towers v0.1.0 (1).ipa
2025-10-15 14:17:07 - Renamed to World of Tower Defence v1.0.0 (4).ipa
2025-10-15 14:17:07 - Renamed to World of Tower Defence v1.0.0 (5).ipa
2025-10-15 14:17:07 - Renamed to Westward Rancher v0.0.1 (1).apk
2025-10-15 14:17:07 - Renamed to World of Tower Defence v1.0.0 (6).ipa
2025-10-15 14:17:07 - Renamed to World of Tower Defence v1.0.0 (7).ipa
2025-10-15 14:17:07 - Renamed to Wobble Towers v0.1.0 (1).apk
2025-10-15 14:17:07 - Renamed to Zombillion Spin RT v0.0.1 (1).ipa
2025-10-15 14:17:07 - Renamed to World of Tower Defence v1.0.0 (2).apk
2025-10-15 14:17:07 - Renamed to World of Tower Defence v1.0.0 (3).apk
2025-10-15 14:17:07 - Renamed to Zombillion Spin v0.0.1 (1).ipa
2025-10-15 14:17:07 - Renamed to Zombillion Spin v0.0.1 (2).apk
2025-10-15 14:17:07 - Renamed to Zombillion Spin RT v0.0.1 (1).apk
