2025-10-15 14:09:40 - Failed to extract APK metadata from 1021 v1.0.apk: Command '['aapt', 'dump', 'badging', '1021 v1.0.apk']' returned non-zero exit status 1.
2025-10-15 14:09:43 - Renamed to bulletecho v7.4.0.ipa
2025-10-15 14:09:43 - Renamed to bulletecho v7.4.0 (1).ipa
2025-10-15 14:09:43 - Renamed to Motor Clash v0.1.0.ipa
2025-10-15 14:09:43 - Renamed to Fortress Pop v1.0.0.ipa
2025-10-15 14:09:43 - Renamed to Idle Tiny Hunters v0.2.2.ipa
2025-10-15 14:09:43 - Renamed to bulletecho v7.4.0 (2).ipa
2025-10-15 14:09:43 - Retry 1 for renaming 1006.apk: [WinError 32] The process cannot access the file because it is being used by another process: '1006.apk' -> 'Bullet Echo v7.4.0.apk'
2025-10-15 14:09:43 - Retry 2 for renaming 1006.apk: [WinError 32] The process cannot access the file because it is being used by another process: '1006.apk' -> 'Bullet Echo v7.4.0.apk'
2025-10-15 14:09:43 - Retry 3 for renaming 1006.apk: [WinError 32] The process cannot access the file because it is being used by another process: '1006.apk' -> 'Bullet Echo v7.4.0.apk'
2025-10-15 14:09:43 - Retry 4 for renaming 1006.apk: [WinError 32] The process cannot access the file because it is being used by another process: '1006.apk' -> 'Bullet Echo v7.4.0.apk'
2025-10-15 14:09:43 - Failed to rename 1006.apk after 5 attempts: [WinError 32] The process cannot access the file because it is being used by another process: '1006.apk' -> 'Bullet Echo v7.4.0.apk'
2025-10-15 14:09:44 - Retry 1 for renaming 1012.apk: [WinError 183] Cannot create a file when that file already exists: '1012.apk' -> 'Bullet Echo v7.4.0 (1).apk'
2025-10-15 14:09:44 - Retry 2 for renaming 1012.apk: [WinError 183] Cannot create a file when that file already exists: '1012.apk' -> 'Bullet Echo v7.4.0 (1).apk'
2025-10-15 14:09:44 - Retry 3 for renaming 1012.apk: [WinError 183] Cannot create a file when that file already exists: '1012.apk' -> 'Bullet Echo v7.4.0 (1).apk'
2025-10-15 14:09:44 - Retry 4 for renaming 1012.apk: [WinError 183] Cannot create a file when that file already exists: '1012.apk' -> 'Bullet Echo v7.4.0 (1).apk'
2025-10-15 14:09:44 - Failed to rename 1012.apk after 5 attempts: [WinError 183] Cannot create a file when that file already exists: '1012.apk' -> 'Bullet Echo v7.4.0 (1).apk'
2025-10-15 14:09:44 - Renamed to bulletecho v7.4.0 (3).ipa
2025-10-15 14:09:44 - Renamed to Gear Drop Heroes v0.0.1.ipa
2025-10-15 14:09:44 - Renamed to Noodle Out v0.1.0.ipa
2025-10-15 14:09:44 - Renamed to Noodle Out v0.1.0 (1).ipa
2025-10-15 14:09:44 - Renamed to Neon Merge Guards v0.1.1.ipa
2025-10-15 14:09:44 - Retry 1 for renaming 1053.apk: [WinError 183] Cannot create a file when that file already exists: '1053.apk' -> 'Noodle Out v0.1.0.apk'
2025-10-15 14:09:45 - Retry 2 for renaming 1053.apk: [WinError 183] Cannot create a file when that file already exists: '1053.apk' -> 'Noodle Out v0.1.0.apk'
2025-10-15 14:09:45 - Retry 3 for renaming 1053.apk: [WinError 183] Cannot create a file when that file already exists: '1053.apk' -> 'Noodle Out v0.1.0.apk'
2025-10-15 14:09:45 - Retry 4 for renaming 1053.apk: [WinError 183] Cannot create a file when that file already exists: '1053.apk' -> 'Noodle Out v0.1.0.apk'
2025-10-15 14:09:45 - Failed to rename 1053.apk after 5 attempts: [WinError 183] Cannot create a file when that file already exists: '1053.apk' -> 'Noodle Out v0.1.0.apk'
2025-10-15 14:09:45 - Retry 1 for renaming 1074.apk: [WinError 183] Cannot create a file when that file already exists: '1074.apk' -> 'Place Your People v1.0.0.apk'
2025-10-15 14:09:45 - Retry 2 for renaming 1074.apk: [WinError 183] Cannot create a file when that file already exists: '1074.apk' -> 'Place Your People v1.0.0.apk'
2025-10-15 14:09:46 - Retry 3 for renaming 1074.apk: [WinError 183] Cannot create a file when that file already exists: '1074.apk' -> 'Place Your People v1.0.0.apk'
2025-10-15 14:09:46 - Retry 4 for renaming 1074.apk: [WinError 183] Cannot create a file when that file already exists: '1074.apk' -> 'Place Your People v1.0.0.apk'
2025-10-15 14:09:46 - Failed to rename 1074.apk after 5 attempts: [WinError 183] Cannot create a file when that file already exists: '1074.apk' -> 'Place Your People v1.0.0.apk'
2025-10-15 14:09:46 - Retry 1 for renaming 1071.apk: [WinError 183] Cannot create a file when that file already exists: '1071.apk' -> 'Place Your People v1.0.0 (1).apk'
2025-10-15 14:09:46 - Retry 2 for renaming 1071.apk: [WinError 183] Cannot create a file when that file already exists: '1071.apk' -> 'Place Your People v1.0.0 (1).apk'
2025-10-15 14:09:46 - Retry 3 for renaming 1071.apk: [WinError 183] Cannot create a file when that file already exists: '1071.apk' -> 'Place Your People v1.0.0 (1).apk'
2025-10-15 14:09:47 - Retry 4 for renaming 1071.apk: [WinError 183] Cannot create a file when that file already exists: '1071.apk' -> 'Place Your People v1.0.0 (1).apk'
2025-10-15 14:09:47 - Failed to rename 1071.apk after 5 attempts: [WinError 183] Cannot create a file when that file already exists: '1071.apk' -> 'Place Your People v1.0.0 (1).apk'
2025-10-15 14:09:47 - Retry 1 for renaming 1022.apk: [WinError 183] Cannot create a file when that file already exists: '1022.apk' -> 'Bullet Echo v7.4.0 (2).apk'
2025-10-15 14:09:47 - Retry 2 for renaming 1022.apk: [WinError 183] Cannot create a file when that file already exists: '1022.apk' -> 'Bullet Echo v7.4.0 (2).apk'
2025-10-15 14:09:47 - Retry 3 for renaming 1022.apk: [WinError 183] Cannot create a file when that file already exists: '1022.apk' -> 'Bullet Echo v7.4.0 (2).apk'
2025-10-15 14:09:47 - Retry 4 for renaming 1022.apk: [WinError 183] Cannot create a file when that file already exists: '1022.apk' -> 'Bullet Echo v7.4.0 (2).apk'
2025-10-15 14:09:47 - Failed to rename 1022.apk after 5 attempts: [WinError 183] Cannot create a file when that file already exists: '1022.apk' -> 'Bullet Echo v7.4.0 (2).apk'
2025-10-15 14:09:48 - Retry 1 for renaming 1085.apk: [WinError 183] Cannot create a file when that file already exists: '1085.apk' -> 'HappyCouchBurglars v1.0.0.apk'
2025-10-15 14:09:48 - Retry 2 for renaming 1085.apk: [WinError 183] Cannot create a file when that file already exists: '1085.apk' -> 'HappyCouchBurglars v1.0.0.apk'
2025-10-15 14:09:48 - Retry 3 for renaming 1085.apk: [WinError 183] Cannot create a file when that file already exists: '1085.apk' -> 'HappyCouchBurglars v1.0.0.apk'
2025-10-15 14:09:48 - Retry 4 for renaming 1085.apk: [WinError 183] Cannot create a file when that file already exists: '1085.apk' -> 'HappyCouchBurglars v1.0.0.apk'
2025-10-15 14:09:48 - Failed to rename 1085.apk after 5 attempts: [WinError 183] Cannot create a file when that file already exists: '1085.apk' -> 'HappyCouchBurglars v1.0.0.apk'
2025-10-15 14:09:48 - Renamed to bulletecho v7.6.0.ipa
2025-10-15 14:09:48 - Renamed to Tile Tint v0.1.0.ipa
2025-10-15 14:09:48 - Renamed to bulletecho v7.6.0 (1).ipa
2025-10-15 14:09:48 - Renamed to bulletecho v7.6.0 (2).ipa
2025-10-15 14:09:48 - Retry 1 for renaming 1086.apk: [WinError 183] Cannot create a file when that file already exists: '1086.apk' -> 'Bullet Echo v7.6.0.apk'
2025-10-15 14:09:49 - Retry 2 for renaming 1086.apk: [WinError 183] Cannot create a file when that file already exists: '1086.apk' -> 'Bullet Echo v7.6.0.apk'
2025-10-15 14:09:49 - Retry 3 for renaming 1086.apk: [WinError 183] Cannot create a file when that file already exists: '1086.apk' -> 'Bullet Echo v7.6.0.apk'
2025-10-15 14:09:49 - Retry 4 for renaming 1086.apk: [WinError 183] Cannot create a file when that file already exists: '1086.apk' -> 'Bullet Echo v7.6.0.apk'
2025-10-15 14:09:49 - Failed to rename 1086.apk after 5 attempts: [WinError 183] Cannot create a file when that file already exists: '1086.apk' -> 'Bullet Echo v7.6.0.apk'
2025-10-15 14:09:49 - Retry 1 for renaming 796.apk: [WinError 183] Cannot create a file when that file already exists: '796.apk' -> 'Fantasy Miner v1.0.0.apk'
2025-10-15 14:09:49 - Retry 2 for renaming 796.apk: [WinError 183] Cannot create a file when that file already exists: '796.apk' -> 'Fantasy Miner v1.0.0.apk'
2025-10-15 14:09:50 - Retry 3 for renaming 796.apk: [WinError 183] Cannot create a file when that file already exists: '796.apk' -> 'Fantasy Miner v1.0.0.apk'
2025-10-15 14:09:50 - Retry 4 for renaming 796.apk: [WinError 183] Cannot create a file when that file already exists: '796.apk' -> 'Fantasy Miner v1.0.0.apk'
2025-10-15 14:09:50 - Failed to rename 796.apk after 5 attempts: [WinError 183] Cannot create a file when that file already exists: '796.apk' -> 'Fantasy Miner v1.0.0.apk'
2025-10-15 14:09:50 - Retry 1 for renaming 812.apk: [WinError 183] Cannot create a file when that file already exists: '812.apk' -> 'Idle Racing v1.0.0.apk'
2025-10-15 14:09:50 - Retry 2 for renaming 812.apk: [WinError 183] Cannot create a file when that file already exists: '812.apk' -> 'Idle Racing v1.0.0.apk'
2025-10-15 14:09:50 - Retry 3 for renaming 812.apk: [WinError 183] Cannot create a file when that file already exists: '812.apk' -> 'Idle Racing v1.0.0.apk'
2025-10-15 14:09:51 - Retry 4 for renaming 812.apk: [WinError 183] Cannot create a file when that file already exists: '812.apk' -> 'Idle Racing v1.0.0.apk'
2025-10-15 14:09:51 - Failed to rename 812.apk after 5 attempts: [WinError 183] Cannot create a file when that file already exists: '812.apk' -> 'Idle Racing v1.0.0.apk'
2025-10-15 14:09:51 - Retry 1 for renaming 816.apk: [WinError 183] Cannot create a file when that file already exists: '816.apk' -> 'Overcrowded Dungeons v1.0.0.apk'
2025-10-15 14:09:51 - Retry 2 for renaming 816.apk: [WinError 183] Cannot create a file when that file already exists: '816.apk' -> 'Overcrowded Dungeons v1.0.0.apk'
2025-10-15 14:09:51 - Retry 3 for renaming 816.apk: [WinError 183] Cannot create a file when that file already exists: '816.apk' -> 'Overcrowded Dungeons v1.0.0.apk'
2025-10-15 14:09:51 - Retry 4 for renaming 816.apk: [WinError 183] Cannot create a file when that file already exists: '816.apk' -> 'Overcrowded Dungeons v1.0.0.apk'
2025-10-15 14:09:51 - Failed to rename 816.apk after 5 attempts: [WinError 183] Cannot create a file when that file already exists: '816.apk' -> 'Overcrowded Dungeons v1.0.0.apk'
2025-10-15 14:09:52 - Retry 1 for renaming 826.apk: [WinError 183] Cannot create a file when that file already exists: '826.apk' -> 'Space Litter v1.0.0.apk'
2025-10-15 14:09:52 - Retry 2 for renaming 826.apk: [WinError 183] Cannot create a file when that file already exists: '826.apk' -> 'Space Litter v1.0.0.apk'
2025-10-15 14:09:52 - Retry 3 for renaming 826.apk: [WinError 183] Cannot create a file when that file already exists: '826.apk' -> 'Space Litter v1.0.0.apk'
2025-10-15 14:09:52 - Retry 4 for renaming 826.apk: [WinError 183] Cannot create a file when that file already exists: '826.apk' -> 'Space Litter v1.0.0.apk'
2025-10-15 14:09:52 - Failed to rename 826.apk after 5 attempts: [WinError 183] Cannot create a file when that file already exists: '826.apk' -> 'Space Litter v1.0.0.apk'
2025-10-15 14:09:52 - Retry 1 for renaming 824.apk: [WinError 183] Cannot create a file when that file already exists: '824.apk' -> 'Space Litter v1.0.0 (1).apk'
2025-10-15 14:09:53 - Retry 2 for renaming 824.apk: [WinError 183] Cannot create a file when that file already exists: '824.apk' -> 'Space Litter v1.0.0 (1).apk'
2025-10-15 14:09:53 - Retry 3 for renaming 824.apk: [WinError 183] Cannot create a file when that file already exists: '824.apk' -> 'Space Litter v1.0.0 (1).apk'
2025-10-15 14:09:53 - Retry 4 for renaming 824.apk: [WinError 183] Cannot create a file when that file already exists: '824.apk' -> 'Space Litter v1.0.0 (1).apk'
2025-10-15 14:09:53 - Failed to rename 824.apk after 5 attempts: [WinError 183] Cannot create a file when that file already exists: '824.apk' -> 'Space Litter v1.0.0 (1).apk'
2025-10-15 14:09:53 - Retry 1 for renaming 1091.apk: [WinError 183] Cannot create a file when that file already exists: '1091.apk' -> 'Bullet Echo v7.6.0 (1).apk'
2025-10-15 14:09:53 - Retry 2 for renaming 1091.apk: [WinError 183] Cannot create a file when that file already exists: '1091.apk' -> 'Bullet Echo v7.6.0 (1).apk'
2025-10-15 14:09:54 - Retry 3 for renaming 1091.apk: [WinError 183] Cannot create a file when that file already exists: '1091.apk' -> 'Bullet Echo v7.6.0 (1).apk'
2025-10-15 14:09:54 - Retry 4 for renaming 1091.apk: [WinError 183] Cannot create a file when that file already exists: '1091.apk' -> 'Bullet Echo v7.6.0 (1).apk'
2025-10-15 14:09:54 - Failed to rename 1091.apk after 5 attempts: [WinError 183] Cannot create a file when that file already exists: '1091.apk' -> 'Bullet Echo v7.6.0 (1).apk'
2025-10-15 14:09:54 - Retry 1 for renaming 819.apk: [WinError 183] Cannot create a file when that file already exists: '819.apk' -> 'Overcrowded Dungeons v1.0.0 (1).apk'
2025-10-15 14:09:54 - Retry 2 for renaming 819.apk: [WinError 183] Cannot create a file when that file already exists: '819.apk' -> 'Overcrowded Dungeons v1.0.0 (1).apk'
2025-10-15 14:09:55 - Retry 3 for renaming 819.apk: [WinError 183] Cannot create a file when that file already exists: '819.apk' -> 'Overcrowded Dungeons v1.0.0 (1).apk'
2025-10-15 14:09:55 - Retry 4 for renaming 819.apk: [WinError 183] Cannot create a file when that file already exists: '819.apk' -> 'Overcrowded Dungeons v1.0.0 (1).apk'
2025-10-15 14:09:55 - Failed to rename 819.apk after 5 attempts: [WinError 183] Cannot create a file when that file already exists: '819.apk' -> 'Overcrowded Dungeons v1.0.0 (1).apk'
2025-10-15 14:09:55 - Retry 1 for renaming 831.apk: [WinError 183] Cannot create a file when that file already exists: '831.apk' -> 'Idle Art v1.0.0.apk'
2025-10-15 14:09:55 - Retry 2 for renaming 831.apk: [WinError 183] Cannot create a file when that file already exists: '831.apk' -> 'Idle Art v1.0.0.apk'
2025-10-15 14:09:55 - Retry 3 for renaming 831.apk: [WinError 183] Cannot create a file when that file already exists: '831.apk' -> 'Idle Art v1.0.0.apk'
2025-10-15 14:09:56 - Retry 4 for renaming 831.apk: [WinError 183] Cannot create a file when that file already exists: '831.apk' -> 'Idle Art v1.0.0.apk'
2025-10-15 14:09:56 - Failed to rename 831.apk after 5 attempts: [WinError 183] Cannot create a file when that file already exists: '831.apk' -> 'Idle Art v1.0.0.apk'
2025-10-15 14:09:56 - Renamed to Overcrowded_ Airplane v0.9.2.ipa
2025-10-15 14:09:56 - Retry 1 for renaming 832.apk: [WinError 183] Cannot create a file when that file already exists: '832.apk' -> 'Space Litter v1.0.0 (2).apk'
2025-10-15 14:09:56 - Retry 2 for renaming 832.apk: [WinError 183] Cannot create a file when that file already exists: '832.apk' -> 'Space Litter v1.0.0 (2).apk'
2025-10-15 14:09:56 - Retry 3 for renaming 832.apk: [WinError 183] Cannot create a file when that file already exists: '832.apk' -> 'Space Litter v1.0.0 (2).apk'
2025-10-15 14:09:56 - Retry 4 for renaming 832.apk: [WinError 183] Cannot create a file when that file already exists: '832.apk' -> 'Space Litter v1.0.0 (2).apk'
2025-10-15 14:09:56 - Failed to rename 832.apk after 5 attempts: [WinError 183] Cannot create a file when that file already exists: '832.apk' -> 'Space Litter v1.0.0 (2).apk'
2025-10-15 14:09:57 - Retry 1 for renaming 835.apk: [WinError 183] Cannot create a file when that file already exists: '835.apk' -> 'Space Litter v1.0.0 (3).apk'
2025-10-15 14:09:57 - Retry 2 for renaming 835.apk: [WinError 183] Cannot create a file when that file already exists: '835.apk' -> 'Space Litter v1.0.0 (3).apk'
2025-10-15 14:09:57 - Retry 3 for renaming 835.apk: [WinError 183] Cannot create a file when that file already exists: '835.apk' -> 'Space Litter v1.0.0 (3).apk'
2025-10-15 14:09:57 - Retry 4 for renaming 835.apk: [WinError 183] Cannot create a file when that file already exists: '835.apk' -> 'Space Litter v1.0.0 (3).apk'
2025-10-15 14:09:57 - Failed to rename 835.apk after 5 attempts: [WinError 183] Cannot create a file when that file already exists: '835.apk' -> 'Space Litter v1.0.0 (3).apk'
2025-10-15 14:09:57 - Renamed to Bullet Echo v6.7.0.ipa
2025-10-15 14:09:57 - Renamed to Tiny Hunters v3.11.0.ipa
2025-10-15 14:09:57 - Retry 1 for renaming 887.apk: [WinError 183] Cannot create a file when that file already exists: '887.apk' -> 'draw-the-rope v1.0.apk'
2025-10-15 14:09:58 - Retry 2 for renaming 887.apk: [WinError 183] Cannot create a file when that file already exists: '887.apk' -> 'draw-the-rope v1.0.apk'
2025-10-15 14:09:58 - Retry 3 for renaming 887.apk: [WinError 183] Cannot create a file when that file already exists: '887.apk' -> 'draw-the-rope v1.0.apk'
2025-10-15 14:09:58 - Retry 4 for renaming 887.apk: [WinError 183] Cannot create a file when that file already exists: '887.apk' -> 'draw-the-rope v1.0.apk'
2025-10-15 14:09:58 - Failed to rename 887.apk after 5 attempts: [WinError 183] Cannot create a file when that file already exists: '887.apk' -> 'draw-the-rope v1.0.apk'
2025-10-15 14:09:58 - Retry 1 for renaming 890.apk: [WinError 183] Cannot create a file when that file already exists: '890.apk' -> 'OmNomFarm v0.1.11.apk'
2025-10-15 14:09:58 - Retry 2 for renaming 890.apk: [WinError 183] Cannot create a file when that file already exists: '890.apk' -> 'OmNomFarm v0.1.11.apk'
2025-10-15 14:09:59 - Retry 3 for renaming 890.apk: [WinError 183] Cannot create a file when that file already exists: '890.apk' -> 'OmNomFarm v0.1.11.apk'
2025-10-15 14:09:59 - Retry 4 for renaming 890.apk: [WinError 183] Cannot create a file when that file already exists: '890.apk' -> 'OmNomFarm v0.1.11.apk'
2025-10-15 14:09:59 - Failed to rename 890.apk after 5 attempts: [WinError 183] Cannot create a file when that file already exists: '890.apk' -> 'OmNomFarm v0.1.11.apk'
2025-10-15 14:09:59 - Renamed to Bullet Echo India_ Battle Royale v6.7.2.ipa
2025-10-15 14:09:59 - Renamed to Bullet Echo India_ Battle Royale v6.7.2 (1).ipa
2025-10-15 14:09:59 - Renamed to Bullet Echo India_ Battle Royale v6.7.2 (2).ipa
2025-10-15 14:09:59 - Renamed to Bullet Echo India_ Battle Royale v6.7.2 (3).ipa
2025-10-15 14:09:59 - Retry 1 for renaming 899.apk: [WinError 183] Cannot create a file when that file already exists: '899.apk' -> 'Cowboy Valley v0.27.0.apk'
2025-10-15 14:09:59 - Retry 2 for renaming 899.apk: [WinError 183] Cannot create a file when that file already exists: '899.apk' -> 'Cowboy Valley v0.27.0.apk'
2025-10-15 14:09:59 - Retry 3 for renaming 899.apk: [WinError 183] Cannot create a file when that file already exists: '899.apk' -> 'Cowboy Valley v0.27.0.apk'
2025-10-15 14:10:00 - Retry 4 for renaming 899.apk: [WinError 183] Cannot create a file when that file already exists: '899.apk' -> 'Cowboy Valley v0.27.0.apk'
2025-10-15 14:10:00 - Failed to rename 899.apk after 5 attempts: [WinError 183] Cannot create a file when that file already exists: '899.apk' -> 'Cowboy Valley v0.27.0.apk'
2025-10-15 14:10:00 - Retry 1 for renaming 900.apk: [WinError 183] Cannot create a file when that file already exists: '900.apk' -> 'Cowboy Valley v0.27.0 (1).apk'
2025-10-15 14:10:00 - Retry 2 for renaming 900.apk: [WinError 183] Cannot create a file when that file already exists: '900.apk' -> 'Cowboy Valley v0.27.0 (1).apk'
2025-10-15 14:10:00 - Retry 3 for renaming 900.apk: [WinError 183] Cannot create a file when that file already exists: '900.apk' -> 'Cowboy Valley v0.27.0 (1).apk'
2025-10-15 14:10:00 - Retry 4 for renaming 900.apk: [WinError 183] Cannot create a file when that file already exists: '900.apk' -> 'Cowboy Valley v0.27.0 (1).apk'
2025-10-15 14:10:00 - Failed to rename 900.apk after 5 attempts: [WinError 183] Cannot create a file when that file already exists: '900.apk' -> 'Cowboy Valley v0.27.0 (1).apk'
2025-10-15 14:10:00 - Renamed to Bullet Echo India_ Battle Royale v6.7.2 (4).ipa
2025-10-15 14:10:00 - Renamed to Bullet Echo India_ Battle Royale v6.7.2 (5).ipa
2025-10-15 14:10:01 - Retry 1 for renaming 908.apk: [WinError 183] Cannot create a file when that file already exists: '908.apk' -> 'Steel Revolt v1.3.apk'
2025-10-15 14:10:01 - Retry 2 for renaming 908.apk: [WinError 183] Cannot create a file when that file already exists: '908.apk' -> 'Steel Revolt v1.3.apk'
2025-10-15 14:10:01 - Retry 3 for renaming 908.apk: [WinError 183] Cannot create a file when that file already exists: '908.apk' -> 'Steel Revolt v1.3.apk'
2025-10-15 14:10:01 - Retry 4 for renaming 908.apk: [WinError 183] Cannot create a file when that file already exists: '908.apk' -> 'Steel Revolt v1.3.apk'
2025-10-15 14:10:01 - Failed to rename 908.apk after 5 attempts: [WinError 183] Cannot create a file when that file already exists: '908.apk' -> 'Steel Revolt v1.3.apk'
2025-10-15 14:10:01 - Retry 1 for renaming 920.apk: [WinError 183] Cannot create a file when that file already exists: '920.apk' -> 'Zombillion Spin v0.0.1.apk'
2025-10-15 14:10:02 - Retry 2 for renaming 920.apk: [WinError 183] Cannot create a file when that file already exists: '920.apk' -> 'Zombillion Spin v0.0.1.apk'
2025-10-15 14:10:02 - Retry 3 for renaming 920.apk: [WinError 183] Cannot create a file when that file already exists: '920.apk' -> 'Zombillion Spin v0.0.1.apk'
2025-10-15 14:10:02 - Retry 4 for renaming 920.apk: [WinError 183] Cannot create a file when that file already exists: '920.apk' -> 'Zombillion Spin v0.0.1.apk'
2025-10-15 14:10:02 - Failed to rename 920.apk after 5 attempts: [WinError 183] Cannot create a file when that file already exists: '920.apk' -> 'Zombillion Spin v0.0.1.apk'
2025-10-15 14:10:02 - Retry 1 for renaming 937.apk: [WinError 183] Cannot create a file when that file already exists: '937.apk' -> 'Cut the Rope_ Origins v0.18.0.apk'
2025-10-15 14:10:02 - Retry 2 for renaming 937.apk: [WinError 183] Cannot create a file when that file already exists: '937.apk' -> 'Cut the Rope_ Origins v0.18.0.apk'
2025-10-15 14:10:03 - Retry 3 for renaming 937.apk: [WinError 183] Cannot create a file when that file already exists: '937.apk' -> 'Cut the Rope_ Origins v0.18.0.apk'
2025-10-15 14:10:03 - Retry 4 for renaming 937.apk: [WinError 183] Cannot create a file when that file already exists: '937.apk' -> 'Cut the Rope_ Origins v0.18.0.apk'
2025-10-15 14:10:03 - Failed to rename 937.apk after 5 attempts: [WinError 183] Cannot create a file when that file already exists: '937.apk' -> 'Cut the Rope_ Origins v0.18.0.apk'
2025-10-15 14:10:03 - Retry 1 for renaming 926.apk: [WinError 183] Cannot create a file when that file already exists: '926.apk' -> 'Necro Horde v0.1.0.apk'
2025-10-15 14:10:03 - Retry 2 for renaming 926.apk: [WinError 183] Cannot create a file when that file already exists: '926.apk' -> 'Necro Horde v0.1.0.apk'
2025-10-15 14:10:03 - Retry 3 for renaming 926.apk: [WinError 183] Cannot create a file when that file already exists: '926.apk' -> 'Necro Horde v0.1.0.apk'
2025-10-15 14:10:04 - Retry 4 for renaming 926.apk: [WinError 183] Cannot create a file when that file already exists: '926.apk' -> 'Necro Horde v0.1.0.apk'
2025-10-15 14:10:04 - Failed to rename 926.apk after 5 attempts: [WinError 183] Cannot create a file when that file already exists: '926.apk' -> 'Necro Horde v0.1.0.apk'
2025-10-15 14:10:04 - Retry 1 for renaming 943.apk: [WinError 183] Cannot create a file when that file already exists: '943.apk' -> 'Cut the Rope_ Origins Dev v0.18.0.apk'
2025-10-15 14:10:04 - Retry 2 for renaming 943.apk: [WinError 183] Cannot create a file when that file already exists: '943.apk' -> 'Cut the Rope_ Origins Dev v0.18.0.apk'
2025-10-15 14:10:04 - Retry 3 for renaming 943.apk: [WinError 183] Cannot create a file when that file already exists: '943.apk' -> 'Cut the Rope_ Origins Dev v0.18.0.apk'
2025-10-15 14:10:04 - Retry 4 for renaming 943.apk: [WinError 183] Cannot create a file when that file already exists: '943.apk' -> 'Cut the Rope_ Origins Dev v0.18.0.apk'
2025-10-15 14:10:04 - Failed to rename 943.apk after 5 attempts: [WinError 183] Cannot create a file when that file already exists: '943.apk' -> 'Cut the Rope_ Origins Dev v0.18.0.apk'
2025-10-15 14:10:05 - Retry 1 for renaming 961.apk: [WinError 183] Cannot create a file when that file already exists: '961.apk' -> 'BagMasters v0.0.1.apk'
2025-10-15 14:10:05 - Retry 2 for renaming 961.apk: [WinError 183] Cannot create a file when that file already exists: '961.apk' -> 'BagMasters v0.0.1.apk'
2025-10-15 14:10:05 - Retry 3 for renaming 961.apk: [WinError 183] Cannot create a file when that file already exists: '961.apk' -> 'BagMasters v0.0.1.apk'
2025-10-15 14:10:05 - Retry 4 for renaming 961.apk: [WinError 183] Cannot create a file when that file already exists: '961.apk' -> 'BagMasters v0.0.1.apk'
2025-10-15 14:10:05 - Failed to rename 961.apk after 5 attempts: [WinError 183] Cannot create a file when that file already exists: '961.apk' -> 'BagMasters v0.0.1.apk'
2025-10-15 14:10:05 - Retry 1 for renaming 965.apk: [WinError 183] Cannot create a file when that file already exists: '965.apk' -> 'BagMasters v0.0.1 (1).apk'
2025-10-15 14:10:06 - Retry 2 for renaming 965.apk: [WinError 183] Cannot create a file when that file already exists: '965.apk' -> 'BagMasters v0.0.1 (1).apk'
2025-10-15 14:10:06 - Retry 3 for renaming 965.apk: [WinError 183] Cannot create a file when that file already exists: '965.apk' -> 'BagMasters v0.0.1 (1).apk'
2025-10-15 14:10:06 - Retry 4 for renaming 965.apk: [WinError 183] Cannot create a file when that file already exists: '965.apk' -> 'BagMasters v0.0.1 (1).apk'
2025-10-15 14:10:06 - Failed to rename 965.apk after 5 attempts: [WinError 183] Cannot create a file when that file already exists: '965.apk' -> 'BagMasters v0.0.1 (1).apk'
2025-10-15 14:10:06 - Renamed to bulletecho v7.0.0.ipa
2025-10-15 14:10:06 - Renamed to Slide Fortress v0.1.0.ipa
2025-10-15 14:10:06 - Renamed to Kaiten Sushi Merge Deluxe v0.1.0.ipa
2025-10-15 14:10:06 - Renamed to bulletecho v7.0.0 (1).ipa
2025-10-15 14:10:06 - Renamed to Sushi Merge Wasabi Rush v0.1.0.ipa
2025-10-15 14:10:06 - Retry 1 for renaming 975.apk: [WinError 183] Cannot create a file when that file already exists: '975.apk' -> 'Bullet Echo v7.0.0.apk'
2025-10-15 14:10:06 - Retry 2 for renaming 975.apk: [WinError 183] Cannot create a file when that file already exists: '975.apk' -> 'Bullet Echo v7.0.0.apk'
2025-10-15 14:10:07 - Retry 3 for renaming 975.apk: [WinError 183] Cannot create a file when that file already exists: '975.apk' -> 'Bullet Echo v7.0.0.apk'
2025-10-15 14:10:07 - Retry 4 for renaming 975.apk: [WinError 183] Cannot create a file when that file already exists: '975.apk' -> 'Bullet Echo v7.0.0.apk'
2025-10-15 14:10:07 - Failed to rename 975.apk after 5 attempts: [WinError 183] Cannot create a file when that file already exists: '975.apk' -> 'Bullet Echo v7.0.0.apk'
2025-10-15 14:10:07 - Retry 1 for renaming 999.apk: [WinError 183] Cannot create a file when that file already exists: '999.apk' -> 'Cut the Rope_ Origins RC v0.23.0.apk'
2025-10-15 14:10:07 - Retry 2 for renaming 999.apk: [WinError 183] Cannot create a file when that file already exists: '999.apk' -> 'Cut the Rope_ Origins RC v0.23.0.apk'
2025-10-15 14:10:07 - Retry 3 for renaming 999.apk: [WinError 183] Cannot create a file when that file already exists: '999.apk' -> 'Cut the Rope_ Origins RC v0.23.0.apk'
2025-10-15 14:10:08 - Retry 4 for renaming 999.apk: [WinError 183] Cannot create a file when that file already exists: '999.apk' -> 'Cut the Rope_ Origins RC v0.23.0.apk'
2025-10-15 14:10:08 - Failed to rename 999.apk after 5 attempts: [WinError 183] Cannot create a file when that file already exists: '999.apk' -> 'Cut the Rope_ Origins RC v0.23.0.apk'
2025-10-15 14:10:08 - Renamed to bulletecho v7.0.0 (2).ipa
2025-10-15 14:10:08 - Retry 1 for renaming BagMasters v0.0.1 (1).ipa: [WinError 183] Cannot create a file when that file already exists: 'BagMasters v0.0.1 (1).ipa' -> 'BagMasters v0.0.1.ipa'
2025-10-15 14:10:08 - Retry 2 for renaming BagMasters v0.0.1 (1).ipa: [WinError 183] Cannot create a file when that file already exists: 'BagMasters v0.0.1 (1).ipa' -> 'BagMasters v0.0.1.ipa'
2025-10-15 14:10:08 - Retry 3 for renaming BagMasters v0.0.1 (1).ipa: [WinError 183] Cannot create a file when that file already exists: 'BagMasters v0.0.1 (1).ipa' -> 'BagMasters v0.0.1.ipa'
2025-10-15 14:10:09 - Retry 4 for renaming BagMasters v0.0.1 (1).ipa: [WinError 183] Cannot create a file when that file already exists: 'BagMasters v0.0.1 (1).ipa' -> 'BagMasters v0.0.1.ipa'
2025-10-15 14:10:09 - Failed to rename BagMasters v0.0.1 (1).ipa after 5 attempts: [WinError 183] Cannot create a file when that file already exists: 'BagMasters v0.0.1 (1).ipa' -> 'BagMasters v0.0.1.ipa'
2025-10-15 14:10:09 - Retry 1 for renaming BagMasters v0.0.1 (2).ipa: [WinError 183] Cannot create a file when that file already exists: 'BagMasters v0.0.1 (2).ipa' -> 'BagMasters v0.0.1 (1).ipa'
2025-10-15 14:10:09 - Retry 2 for renaming BagMasters v0.0.1 (2).ipa: [WinError 183] Cannot create a file when that file already exists: 'BagMasters v0.0.1 (2).ipa' -> 'BagMasters v0.0.1 (1).ipa'
2025-10-15 14:10:09 - Retry 3 for renaming BagMasters v0.0.1 (2).ipa: [WinError 183] Cannot create a file when that file already exists: 'BagMasters v0.0.1 (2).ipa' -> 'BagMasters v0.0.1 (1).ipa'
2025-10-15 14:10:09 - Retry 4 for renaming BagMasters v0.0.1 (2).ipa: [WinError 183] Cannot create a file when that file already exists: 'BagMasters v0.0.1 (2).ipa' -> 'BagMasters v0.0.1 (1).ipa'
2025-10-15 14:10:09 - Failed to rename BagMasters v0.0.1 (2).ipa after 5 attempts: [WinError 183] Cannot create a file when that file already exists: 'BagMasters v0.0.1 (2).ipa' -> 'BagMasters v0.0.1 (1).ipa'
2025-10-15 14:10:10 - Retry 1 for renaming BagMasters v0.0.1 (3).ipa: [WinError 183] Cannot create a file when that file already exists: 'BagMasters v0.0.1 (3).ipa' -> 'BagMasters v0.0.1 (2).ipa'
2025-10-15 14:10:10 - Retry 2 for renaming BagMasters v0.0.1 (3).ipa: [WinError 183] Cannot create a file when that file already exists: 'BagMasters v0.0.1 (3).ipa' -> 'BagMasters v0.0.1 (2).ipa'
2025-10-15 14:10:10 - Retry 3 for renaming BagMasters v0.0.1 (3).ipa: [WinError 183] Cannot create a file when that file already exists: 'BagMasters v0.0.1 (3).ipa' -> 'BagMasters v0.0.1 (2).ipa'
2025-10-15 14:10:10 - Retry 4 for renaming BagMasters v0.0.1 (3).ipa: [WinError 183] Cannot create a file when that file already exists: 'BagMasters v0.0.1 (3).ipa' -> 'BagMasters v0.0.1 (2).ipa'
2025-10-15 14:10:10 - Failed to rename BagMasters v0.0.1 (3).ipa after 5 attempts: [WinError 183] Cannot create a file when that file already exists: 'BagMasters v0.0.1 (3).ipa' -> 'BagMasters v0.0.1 (2).ipa'
2025-10-15 14:10:10 - Retry 1 for renaming BagMasters v0.0.1.ipa: [WinError 183] Cannot create a file when that file already exists: 'BagMasters v0.0.1.ipa' -> 'BagMasters v0.0.1 (3).ipa'
2025-10-15 14:10:11 - Retry 2 for renaming BagMasters v0.0.1.ipa: [WinError 183] Cannot create a file when that file already exists: 'BagMasters v0.0.1.ipa' -> 'BagMasters v0.0.1 (3).ipa'
2025-10-15 14:10:11 - Retry 3 for renaming BagMasters v0.0.1.ipa: [WinError 183] Cannot create a file when that file already exists: 'BagMasters v0.0.1.ipa' -> 'BagMasters v0.0.1 (3).ipa'
2025-10-15 14:10:11 - Retry 4 for renaming BagMasters v0.0.1.ipa: [WinError 183] Cannot create a file when that file already exists: 'BagMasters v0.0.1.ipa' -> 'BagMasters v0.0.1 (3).ipa'
2025-10-15 14:10:11 - Failed to rename BagMasters v0.0.1.ipa after 5 attempts: [WinError 183] Cannot create a file when that file already exists: 'BagMasters v0.0.1.ipa' -> 'BagMasters v0.0.1 (3).ipa'
2025-10-15 14:10:11 - Renamed to bulletecho v7.4.0 (4).ipa
2025-10-15 14:10:11 - Renamed to BagMasters v0.0.1 (2).apk
2025-10-15 14:10:11 - Renamed to BagMasters v0.0.1 (3).apk
2025-10-15 14:10:11 - Renamed to Bullet Echo v7.0.0 (2).apk
2025-10-15 14:10:11 - Renamed to Bullet Echo v7.4.0 (3).apk
2025-10-15 14:10:11 - Renamed to Bullet Echo v7.4.0 (4).apk
2025-10-15 14:10:11 - Renamed to Bullet Echo v7.6.0 (2).apk
2025-10-15 14:10:11 - Renamed to Bullet Echo v7.4.0 (5).apk
2025-10-15 14:10:11 - Retry 1 for renaming Cowboy Valley v0.26.0 (1).ipa: [WinError 183] Cannot create a file when that file already exists: 'Cowboy Valley v0.26.0 (1).ipa' -> 'Cowboy Valley v0.26.0.ipa'
2025-10-15 14:10:11 - Retry 2 for renaming Cowboy Valley v0.26.0 (1).ipa: [WinError 183] Cannot create a file when that file already exists: 'Cowboy Valley v0.26.0 (1).ipa' -> 'Cowboy Valley v0.26.0.ipa'
2025-10-15 14:10:12 - Retry 3 for renaming Cowboy Valley v0.26.0 (1).ipa: [WinError 183] Cannot create a file when that file already exists: 'Cowboy Valley v0.26.0 (1).ipa' -> 'Cowboy Valley v0.26.0.ipa'
2025-10-15 14:10:12 - Retry 4 for renaming Cowboy Valley v0.26.0 (1).ipa: [WinError 183] Cannot create a file when that file already exists: 'Cowboy Valley v0.26.0 (1).ipa' -> 'Cowboy Valley v0.26.0.ipa'
2025-10-15 14:10:12 - Failed to rename Cowboy Valley v0.26.0 (1).ipa after 5 attempts: [WinError 183] Cannot create a file when that file already exists: 'Cowboy Valley v0.26.0 (1).ipa' -> 'Cowboy Valley v0.26.0.ipa'
2025-10-15 14:10:12 - Retry 1 for renaming Cowboy Valley v0.26.0 (3).ipa: [WinError 183] Cannot create a file when that file already exists: 'Cowboy Valley v0.26.0 (3).ipa' -> 'Cowboy Valley v0.26.0 (1).ipa'
2025-10-15 14:10:12 - Retry 2 for renaming Cowboy Valley v0.26.0 (3).ipa: [WinError 183] Cannot create a file when that file already exists: 'Cowboy Valley v0.26.0 (3).ipa' -> 'Cowboy Valley v0.26.0 (1).ipa'
2025-10-15 14:10:12 - Retry 3 for renaming Cowboy Valley v0.26.0 (3).ipa: [WinError 183] Cannot create a file when that file already exists: 'Cowboy Valley v0.26.0 (3).ipa' -> 'Cowboy Valley v0.26.0 (1).ipa'
2025-10-15 14:10:13 - Retry 4 for renaming Cowboy Valley v0.26.0 (3).ipa: [WinError 183] Cannot create a file when that file already exists: 'Cowboy Valley v0.26.0 (3).ipa' -> 'Cowboy Valley v0.26.0 (1).ipa'
2025-10-15 14:10:13 - Failed to rename Cowboy Valley v0.26.0 (3).ipa after 5 attempts: [WinError 183] Cannot create a file when that file already exists: 'Cowboy Valley v0.26.0 (3).ipa' -> 'Cowboy Valley v0.26.0 (1).ipa'
2025-10-15 14:10:13 - Renamed to Bullet Echo v7.6.0 (3).apk
2025-10-15 14:10:13 - Retry 1 for renaming Cowboy Valley v0.26.0.ipa: [WinError 183] Cannot create a file when that file already exists: 'Cowboy Valley v0.26.0.ipa' -> 'Cowboy Valley v0.26.0 (3).ipa'
2025-10-15 14:10:13 - Retry 2 for renaming Cowboy Valley v0.26.0.ipa: [WinError 183] Cannot create a file when that file already exists: 'Cowboy Valley v0.26.0.ipa' -> 'Cowboy Valley v0.26.0 (3).ipa'
2025-10-15 14:10:13 - Retry 3 for renaming Cowboy Valley v0.26.0.ipa: [WinError 183] Cannot create a file when that file already exists: 'Cowboy Valley v0.26.0.ipa' -> 'Cowboy Valley v0.26.0 (3).ipa'
2025-10-15 14:10:13 - Retry 4 for renaming Cowboy Valley v0.26.0.ipa: [WinError 183] Cannot create a file when that file already exists: 'Cowboy Valley v0.26.0.ipa' -> 'Cowboy Valley v0.26.0 (3).ipa'
2025-10-15 14:10:13 - Failed to rename Cowboy Valley v0.26.0.ipa after 5 attempts: [WinError 183] Cannot create a file when that file already exists: 'Cowboy Valley v0.26.0.ipa' -> 'Cowboy Valley v0.26.0 (3).ipa'
2025-10-15 14:10:14 - Retry 1 for renaming Cozy City v0.0.1 (1).ipa: [WinError 183] Cannot create a file when that file already exists: 'Cozy City v0.0.1 (1).ipa' -> 'Cozy City v0.0.1.ipa'
2025-10-15 14:10:14 - Retry 2 for renaming Cozy City v0.0.1 (1).ipa: [WinError 183] Cannot create a file when that file already exists: 'Cozy City v0.0.1 (1).ipa' -> 'Cozy City v0.0.1.ipa'
2025-10-15 14:10:14 - Retry 3 for renaming Cozy City v0.0.1 (1).ipa: [WinError 183] Cannot create a file when that file already exists: 'Cozy City v0.0.1 (1).ipa' -> 'Cozy City v0.0.1.ipa'
2025-10-15 14:10:14 - Retry 4 for renaming Cozy City v0.0.1 (1).ipa: [WinError 183] Cannot create a file when that file already exists: 'Cozy City v0.0.1 (1).ipa' -> 'Cozy City v0.0.1.ipa'
2025-10-15 14:10:14 - Failed to rename Cozy City v0.0.1 (1).ipa after 5 attempts: [WinError 183] Cannot create a file when that file already exists: 'Cozy City v0.0.1 (1).ipa' -> 'Cozy City v0.0.1.ipa'
2025-10-15 14:10:14 - Renamed to Cowboy Valley v0.27.0 (3).apk
2025-10-15 14:10:14 - Retry 1 for renaming Cozy City v0.0.1.ipa: [WinError 183] Cannot create a file when that file already exists: 'Cozy City v0.0.1.ipa' -> 'Cozy City v0.0.1 (1).ipa'
2025-10-15 14:10:15 - Retry 2 for renaming Cozy City v0.0.1.ipa: [WinError 183] Cannot create a file when that file already exists: 'Cozy City v0.0.1.ipa' -> 'Cozy City v0.0.1 (1).ipa'
2025-10-15 14:10:15 - Retry 3 for renaming Cozy City v0.0.1.ipa: [WinError 183] Cannot create a file when that file already exists: 'Cozy City v0.0.1.ipa' -> 'Cozy City v0.0.1 (1).ipa'
2025-10-15 14:10:15 - Retry 4 for renaming Cozy City v0.0.1.ipa: [WinError 183] Cannot create a file when that file already exists: 'Cozy City v0.0.1.ipa' -> 'Cozy City v0.0.1 (1).ipa'
2025-10-15 14:10:15 - Failed to rename Cozy City v0.0.1.ipa after 5 attempts: [WinError 183] Cannot create a file when that file already exists: 'Cozy City v0.0.1.ipa' -> 'Cozy City v0.0.1 (1).ipa'
2025-10-15 14:10:15 - Renamed to Cowboy Valley v0.27.0 (4).apk
2025-10-15 14:10:15 - Renamed to Cut the Rope_ Origins Dev v0.18.0 (1).apk
2025-10-15 14:10:15 - Renamed to Cut the Rope_ Origins RC v0.23.0 (1).apk
2025-10-15 14:10:15 - Retry 1 for renaming Cut the Rope_ Origins RC v10.18.0 (1).ipa: [WinError 183] Cannot create a file when that file already exists: 'Cut the Rope_ Origins RC v10.18.0 (1).ipa' -> 'Cut the Rope_ Origins RC v10.18.0.ipa'
2025-10-15 14:10:15 - Retry 2 for renaming Cut the Rope_ Origins RC v10.18.0 (1).ipa: [WinError 183] Cannot create a file when that file already exists: 'Cut the Rope_ Origins RC v10.18.0 (1).ipa' -> 'Cut the Rope_ Origins RC v10.18.0.ipa'
2025-10-15 14:10:16 - Retry 3 for renaming Cut the Rope_ Origins RC v10.18.0 (1).ipa: [WinError 183] Cannot create a file when that file already exists: 'Cut the Rope_ Origins RC v10.18.0 (1).ipa' -> 'Cut the Rope_ Origins RC v10.18.0.ipa'
2025-10-15 14:10:16 - Retry 4 for renaming Cut the Rope_ Origins RC v10.18.0 (1).ipa: [WinError 183] Cannot create a file when that file already exists: 'Cut the Rope_ Origins RC v10.18.0 (1).ipa' -> 'Cut the Rope_ Origins RC v10.18.0.ipa'
2025-10-15 14:10:16 - Failed to rename Cut the Rope_ Origins RC v10.18.0 (1).ipa after 5 attempts: [WinError 183] Cannot create a file when that file already exists: 'Cut the Rope_ Origins RC v10.18.0 (1).ipa' -> 'Cut the Rope_ Origins RC v10.18.0.ipa'
2025-10-15 14:10:16 - Retry 1 for renaming Cut the Rope_ Origins RC v10.18.0.ipa: [WinError 183] Cannot create a file when that file already exists: 'Cut the Rope_ Origins RC v10.18.0.ipa' -> 'Cut the Rope_ Origins RC v10.18.0 (1).ipa'
2025-10-15 14:10:16 - Retry 2 for renaming Cut the Rope_ Origins RC v10.18.0.ipa: [WinError 183] Cannot create a file when that file already exists: 'Cut the Rope_ Origins RC v10.18.0.ipa' -> 'Cut the Rope_ Origins RC v10.18.0 (1).ipa'
2025-10-15 14:10:17 - Retry 3 for renaming Cut the Rope_ Origins RC v10.18.0.ipa: [WinError 183] Cannot create a file when that file already exists: 'Cut the Rope_ Origins RC v10.18.0.ipa' -> 'Cut the Rope_ Origins RC v10.18.0 (1).ipa'
2025-10-15 14:10:17 - Retry 4 for renaming Cut the Rope_ Origins RC v10.18.0.ipa: [WinError 183] Cannot create a file when that file already exists: 'Cut the Rope_ Origins RC v10.18.0.ipa' -> 'Cut the Rope_ Origins RC v10.18.0 (1).ipa'
2025-10-15 14:10:17 - Failed to rename Cut the Rope_ Origins RC v10.18.0.ipa after 5 attempts: [WinError 183] Cannot create a file when that file already exists: 'Cut the Rope_ Origins RC v10.18.0.ipa' -> 'Cut the Rope_ Origins RC v10.18.0 (1).ipa'
2025-10-15 14:10:17 - Retry 1 for renaming Cut the Rope_ Origins RC v10.23.0 (1).ipa: [WinError 183] Cannot create a file when that file already exists: 'Cut the Rope_ Origins RC v10.23.0 (1).ipa' -> 'Cut the Rope_ Origins RC v10.23.0.ipa'
2025-10-15 14:10:17 - Retry 2 for renaming Cut the Rope_ Origins RC v10.23.0 (1).ipa: [WinError 183] Cannot create a file when that file already exists: 'Cut the Rope_ Origins RC v10.23.0 (1).ipa' -> 'Cut the Rope_ Origins RC v10.23.0.ipa'
2025-10-15 14:10:17 - Retry 3 for renaming Cut the Rope_ Origins RC v10.23.0 (1).ipa: [WinError 183] Cannot create a file when that file already exists: 'Cut the Rope_ Origins RC v10.23.0 (1).ipa' -> 'Cut the Rope_ Origins RC v10.23.0.ipa'
2025-10-15 14:10:18 - Retry 4 for renaming Cut the Rope_ Origins RC v10.23.0 (1).ipa: [WinError 183] Cannot create a file when that file already exists: 'Cut the Rope_ Origins RC v10.23.0 (1).ipa' -> 'Cut the Rope_ Origins RC v10.23.0.ipa'
2025-10-15 14:10:18 - Failed to rename Cut the Rope_ Origins RC v10.23.0 (1).ipa after 5 attempts: [WinError 183] Cannot create a file when that file already exists: 'Cut the Rope_ Origins RC v10.23.0 (1).ipa' -> 'Cut the Rope_ Origins RC v10.23.0.ipa'
2025-10-15 14:10:18 - Retry 1 for renaming Cut the Rope_ Origins RC v10.23.0.ipa: [WinError 183] Cannot create a file when that file already exists: 'Cut the Rope_ Origins RC v10.23.0.ipa' -> 'Cut the Rope_ Origins RC v10.23.0 (1).ipa'
2025-10-15 14:10:18 - Retry 2 for renaming Cut the Rope_ Origins RC v10.23.0.ipa: [WinError 183] Cannot create a file when that file already exists: 'Cut the Rope_ Origins RC v10.23.0.ipa' -> 'Cut the Rope_ Origins RC v10.23.0 (1).ipa'
2025-10-15 14:10:18 - Retry 3 for renaming Cut the Rope_ Origins RC v10.23.0.ipa: [WinError 183] Cannot create a file when that file already exists: 'Cut the Rope_ Origins RC v10.23.0.ipa' -> 'Cut the Rope_ Origins RC v10.23.0 (1).ipa'
2025-10-15 14:10:18 - Retry 4 for renaming Cut the Rope_ Origins RC v10.23.0.ipa: [WinError 183] Cannot create a file when that file already exists: 'Cut the Rope_ Origins RC v10.23.0.ipa' -> 'Cut the Rope_ Origins RC v10.23.0 (1).ipa'
2025-10-15 14:10:18 - Failed to rename Cut the Rope_ Origins RC v10.23.0.ipa after 5 attempts: [WinError 183] Cannot create a file when that file already exists: 'Cut the Rope_ Origins RC v10.23.0.ipa' -> 'Cut the Rope_ Origins RC v10.23.0 (1).ipa'
2025-10-15 14:10:18 - Renamed to Cut the Rope_ Origins v0.18.0 (1).apk
2025-10-15 14:10:19 - Retry 1 for renaming Emoji Shooter v1.0 (1).ipa: [WinError 183] Cannot create a file when that file already exists: 'Emoji Shooter v1.0 (1).ipa' -> 'Emoji Shooter v1.0.ipa'
2025-10-15 14:10:19 - Retry 2 for renaming Emoji Shooter v1.0 (1).ipa: [WinError 183] Cannot create a file when that file already exists: 'Emoji Shooter v1.0 (1).ipa' -> 'Emoji Shooter v1.0.ipa'
2025-10-15 14:10:19 - Retry 3 for renaming Emoji Shooter v1.0 (1).ipa: [WinError 183] Cannot create a file when that file already exists: 'Emoji Shooter v1.0 (1).ipa' -> 'Emoji Shooter v1.0.ipa'
2025-10-15 14:10:19 - Retry 4 for renaming Emoji Shooter v1.0 (1).ipa: [WinError 183] Cannot create a file when that file already exists: 'Emoji Shooter v1.0 (1).ipa' -> 'Emoji Shooter v1.0.ipa'
2025-10-15 14:10:19 - Failed to rename Emoji Shooter v1.0 (1).ipa after 5 attempts: [WinError 183] Cannot create a file when that file already exists: 'Emoji Shooter v1.0 (1).ipa' -> 'Emoji Shooter v1.0.ipa'
2025-10-15 14:10:19 - Retry 1 for renaming Emoji Shooter v1.0.ipa: [WinError 183] Cannot create a file when that file already exists: 'Emoji Shooter v1.0.ipa' -> 'Emoji Shooter v1.0 (1).ipa'
2025-10-15 14:10:20 - Retry 2 for renaming Emoji Shooter v1.0.ipa: [WinError 183] Cannot create a file when that file already exists: 'Emoji Shooter v1.0.ipa' -> 'Emoji Shooter v1.0 (1).ipa'
2025-10-15 14:10:20 - Retry 3 for renaming Emoji Shooter v1.0.ipa: [WinError 183] Cannot create a file when that file already exists: 'Emoji Shooter v1.0.ipa' -> 'Emoji Shooter v1.0 (1).ipa'
2025-10-15 14:10:20 - Retry 4 for renaming Emoji Shooter v1.0.ipa: [WinError 183] Cannot create a file when that file already exists: 'Emoji Shooter v1.0.ipa' -> 'Emoji Shooter v1.0 (1).ipa'
2025-10-15 14:10:20 - Failed to rename Emoji Shooter v1.0.ipa after 5 attempts: [WinError 183] Cannot create a file when that file already exists: 'Emoji Shooter v1.0.ipa' -> 'Emoji Shooter v1.0 (1).ipa'
2025-10-15 14:10:20 - Retry 1 for renaming Fantasy Miner v1.0.0 (1).ipa: [WinError 183] Cannot create a file when that file already exists: 'Fantasy Miner v1.0.0 (1).ipa' -> 'Fantasy Miner v1.0.0.ipa'
2025-10-15 14:10:20 - Retry 2 for renaming Fantasy Miner v1.0.0 (1).ipa: [WinError 183] Cannot create a file when that file already exists: 'Fantasy Miner v1.0.0 (1).ipa' -> 'Fantasy Miner v1.0.0.ipa'
2025-10-15 14:10:21 - Retry 3 for renaming Fantasy Miner v1.0.0 (1).ipa: [WinError 183] Cannot create a file when that file already exists: 'Fantasy Miner v1.0.0 (1).ipa' -> 'Fantasy Miner v1.0.0.ipa'
2025-10-15 14:10:21 - Retry 4 for renaming Fantasy Miner v1.0.0 (1).ipa: [WinError 183] Cannot create a file when that file already exists: 'Fantasy Miner v1.0.0 (1).ipa' -> 'Fantasy Miner v1.0.0.ipa'
2025-10-15 14:10:21 - Failed to rename Fantasy Miner v1.0.0 (1).ipa after 5 attempts: [WinError 183] Cannot create a file when that file already exists: 'Fantasy Miner v1.0.0 (1).ipa' -> 'Fantasy Miner v1.0.0.ipa'
2025-10-15 14:10:21 - Renamed to draw-the-rope v1.0 (1).apk
2025-10-15 14:10:21 - Retry 1 for renaming Fantasy Miner v1.0.0.ipa: [WinError 183] Cannot create a file when that file already exists: 'Fantasy Miner v1.0.0.ipa' -> 'Fantasy Miner v1.0.0 (1).ipa'
2025-10-15 14:10:21 - Retry 2 for renaming Fantasy Miner v1.0.0.ipa: [WinError 183] Cannot create a file when that file already exists: 'Fantasy Miner v1.0.0.ipa' -> 'Fantasy Miner v1.0.0 (1).ipa'
2025-10-15 14:10:21 - Retry 3 for renaming Fantasy Miner v1.0.0.ipa: [WinError 183] Cannot create a file when that file already exists: 'Fantasy Miner v1.0.0.ipa' -> 'Fantasy Miner v1.0.0 (1).ipa'
2025-10-15 14:10:22 - Retry 4 for renaming Fantasy Miner v1.0.0.ipa: [WinError 183] Cannot create a file when that file already exists: 'Fantasy Miner v1.0.0.ipa' -> 'Fantasy Miner v1.0.0 (1).ipa'
2025-10-15 14:10:22 - Failed to rename Fantasy Miner v1.0.0.ipa after 5 attempts: [WinError 183] Cannot create a file when that file already exists: 'Fantasy Miner v1.0.0.ipa' -> 'Fantasy Miner v1.0.0 (1).ipa'
2025-10-15 14:10:22 - Renamed to Fantasy Miner v1.0.0 (1).apk
2025-10-15 14:10:22 - Retry 1 for renaming HappyCouchBurglars v1.0.0 (1).ipa: [WinError 183] Cannot create a file when that file already exists: 'HappyCouchBurglars v1.0.0 (1).ipa' -> 'HappyCouchBurglars v1.0.0.ipa'
2025-10-15 14:10:22 - Retry 2 for renaming HappyCouchBurglars v1.0.0 (1).ipa: [WinError 183] Cannot create a file when that file already exists: 'HappyCouchBurglars v1.0.0 (1).ipa' -> 'HappyCouchBurglars v1.0.0.ipa'
2025-10-15 14:10:22 - Retry 3 for renaming HappyCouchBurglars v1.0.0 (1).ipa: [WinError 183] Cannot create a file when that file already exists: 'HappyCouchBurglars v1.0.0 (1).ipa' -> 'HappyCouchBurglars v1.0.0.ipa'
2025-10-15 14:10:22 - Retry 4 for renaming HappyCouchBurglars v1.0.0 (1).ipa: [WinError 183] Cannot create a file when that file already exists: 'HappyCouchBurglars v1.0.0 (1).ipa' -> 'HappyCouchBurglars v1.0.0.ipa'
2025-10-15 14:10:22 - Failed to rename HappyCouchBurglars v1.0.0 (1).ipa after 5 attempts: [WinError 183] Cannot create a file when that file already exists: 'HappyCouchBurglars v1.0.0 (1).ipa' -> 'HappyCouchBurglars v1.0.0.ipa'
2025-10-15 14:10:23 - Retry 1 for renaming HappyCouchBurglars v1.0.0 (2).ipa: [WinError 183] Cannot create a file when that file already exists: 'HappyCouchBurglars v1.0.0 (2).ipa' -> 'HappyCouchBurglars v1.0.0 (1).ipa'
2025-10-15 14:10:23 - Retry 2 for renaming HappyCouchBurglars v1.0.0 (2).ipa: [WinError 183] Cannot create a file when that file already exists: 'HappyCouchBurglars v1.0.0 (2).ipa' -> 'HappyCouchBurglars v1.0.0 (1).ipa'
2025-10-15 14:10:23 - Retry 3 for renaming HappyCouchBurglars v1.0.0 (2).ipa: [WinError 183] Cannot create a file when that file already exists: 'HappyCouchBurglars v1.0.0 (2).ipa' -> 'HappyCouchBurglars v1.0.0 (1).ipa'
2025-10-15 14:10:23 - Retry 4 for renaming HappyCouchBurglars v1.0.0 (2).ipa: [WinError 183] Cannot create a file when that file already exists: 'HappyCouchBurglars v1.0.0 (2).ipa' -> 'HappyCouchBurglars v1.0.0 (1).ipa'
2025-10-15 14:10:23 - Failed to rename HappyCouchBurglars v1.0.0 (2).ipa after 5 attempts: [WinError 183] Cannot create a file when that file already exists: 'HappyCouchBurglars v1.0.0 (2).ipa' -> 'HappyCouchBurglars v1.0.0 (1).ipa'
2025-10-15 14:10:23 - Retry 1 for renaming Idle Art v1.0.0 (1).ipa: [WinError 183] Cannot create a file when that file already exists: 'Idle Art v1.0.0 (1).ipa' -> 'Idle Art v1.0.0.ipa'
2025-10-15 14:10:24 - Retry 2 for renaming Idle Art v1.0.0 (1).ipa: [WinError 183] Cannot create a file when that file already exists: 'Idle Art v1.0.0 (1).ipa' -> 'Idle Art v1.0.0.ipa'
2025-10-15 14:10:24 - Retry 3 for renaming Idle Art v1.0.0 (1).ipa: [WinError 183] Cannot create a file when that file already exists: 'Idle Art v1.0.0 (1).ipa' -> 'Idle Art v1.0.0.ipa'
2025-10-15 14:10:24 - Retry 4 for renaming Idle Art v1.0.0 (1).ipa: [WinError 183] Cannot create a file when that file already exists: 'Idle Art v1.0.0 (1).ipa' -> 'Idle Art v1.0.0.ipa'
2025-10-15 14:10:24 - Failed to rename Idle Art v1.0.0 (1).ipa after 5 attempts: [WinError 183] Cannot create a file when that file already exists: 'Idle Art v1.0.0 (1).ipa' -> 'Idle Art v1.0.0.ipa'
2025-10-15 14:10:24 - Retry 1 for renaming HappyCouchBurglars v1.0.0.ipa: [WinError 183] Cannot create a file when that file already exists: 'HappyCouchBurglars v1.0.0.ipa' -> 'HappyCouchBurglars v1.0.0 (2).ipa'
2025-10-15 14:10:24 - Retry 2 for renaming HappyCouchBurglars v1.0.0.ipa: [WinError 183] Cannot create a file when that file already exists: 'HappyCouchBurglars v1.0.0.ipa' -> 'HappyCouchBurglars v1.0.0 (2).ipa'
2025-10-15 14:10:25 - Retry 3 for renaming HappyCouchBurglars v1.0.0.ipa: [WinError 183] Cannot create a file when that file already exists: 'HappyCouchBurglars v1.0.0.ipa' -> 'HappyCouchBurglars v1.0.0 (2).ipa'
2025-10-15 14:10:25 - Retry 4 for renaming HappyCouchBurglars v1.0.0.ipa: [WinError 183] Cannot create a file when that file already exists: 'HappyCouchBurglars v1.0.0.ipa' -> 'HappyCouchBurglars v1.0.0 (2).ipa'
2025-10-15 14:10:25 - Failed to rename HappyCouchBurglars v1.0.0.ipa after 5 attempts: [WinError 183] Cannot create a file when that file already exists: 'HappyCouchBurglars v1.0.0.ipa' -> 'HappyCouchBurglars v1.0.0 (2).ipa'
2025-10-15 14:10:25 - Retry 1 for renaming Idle Art v1.0.0 (2).ipa: [WinError 183] Cannot create a file when that file already exists: 'Idle Art v1.0.0 (2).ipa' -> 'Idle Art v1.0.0 (1).ipa'
2025-10-15 14:10:25 - Retry 2 for renaming Idle Art v1.0.0 (2).ipa: [WinError 183] Cannot create a file when that file already exists: 'Idle Art v1.0.0 (2).ipa' -> 'Idle Art v1.0.0 (1).ipa'
2025-10-15 14:10:25 - Retry 3 for renaming Idle Art v1.0.0 (2).ipa: [WinError 183] Cannot create a file when that file already exists: 'Idle Art v1.0.0 (2).ipa' -> 'Idle Art v1.0.0 (1).ipa'
2025-10-15 14:10:26 - Retry 4 for renaming Idle Art v1.0.0 (2).ipa: [WinError 183] Cannot create a file when that file already exists: 'Idle Art v1.0.0 (2).ipa' -> 'Idle Art v1.0.0 (1).ipa'
2025-10-15 14:10:26 - Failed to rename Idle Art v1.0.0 (2).ipa after 5 attempts: [WinError 183] Cannot create a file when that file already exists: 'Idle Art v1.0.0 (2).ipa' -> 'Idle Art v1.0.0 (1).ipa'
2025-10-15 14:10:26 - Retry 1 for renaming Idle Art v1.0.0 (3).ipa: [WinError 183] Cannot create a file when that file already exists: 'Idle Art v1.0.0 (3).ipa' -> 'Idle Art v1.0.0 (2).ipa'
2025-10-15 14:10:26 - Retry 2 for renaming Idle Art v1.0.0 (3).ipa: [WinError 183] Cannot create a file when that file already exists: 'Idle Art v1.0.0 (3).ipa' -> 'Idle Art v1.0.0 (2).ipa'
2025-10-15 14:10:26 - Retry 3 for renaming Idle Art v1.0.0 (3).ipa: [WinError 183] Cannot create a file when that file already exists: 'Idle Art v1.0.0 (3).ipa' -> 'Idle Art v1.0.0 (2).ipa'
2025-10-15 14:10:26 - Retry 4 for renaming Idle Art v1.0.0 (3).ipa: [WinError 183] Cannot create a file when that file already exists: 'Idle Art v1.0.0 (3).ipa' -> 'Idle Art v1.0.0 (2).ipa'
2025-10-15 14:10:26 - Failed to rename Idle Art v1.0.0 (3).ipa after 5 attempts: [WinError 183] Cannot create a file when that file already exists: 'Idle Art v1.0.0 (3).ipa' -> 'Idle Art v1.0.0 (2).ipa'
2025-10-15 14:10:26 - Renamed to HappyCouchBurglars v1.0.0 (2).apk
2025-10-15 14:10:27 - Retry 1 for renaming Idle Art v1.0.0.ipa: [WinError 183] Cannot create a file when that file already exists: 'Idle Art v1.0.0.ipa' -> 'Idle Art v1.0.0 (3).ipa'
2025-10-15 14:10:27 - Retry 2 for renaming Idle Art v1.0.0.ipa: [WinError 183] Cannot create a file when that file already exists: 'Idle Art v1.0.0.ipa' -> 'Idle Art v1.0.0 (3).ipa'
2025-10-15 14:10:27 - Retry 3 for renaming Idle Art v1.0.0.ipa: [WinError 183] Cannot create a file when that file already exists: 'Idle Art v1.0.0.ipa' -> 'Idle Art v1.0.0 (3).ipa'
2025-10-15 14:10:27 - Retry 4 for renaming Idle Art v1.0.0.ipa: [WinError 183] Cannot create a file when that file already exists: 'Idle Art v1.0.0.ipa' -> 'Idle Art v1.0.0 (3).ipa'
2025-10-15 14:10:27 - Failed to rename Idle Art v1.0.0.ipa after 5 attempts: [WinError 183] Cannot create a file when that file already exists: 'Idle Art v1.0.0.ipa' -> 'Idle Art v1.0.0 (3).ipa'
2025-10-15 14:10:27 - Renamed to Idle Art v1.0.0 (1).apk
2025-10-15 14:10:27 - Retry 1 for renaming Idle Racing v1.0.0 (1).ipa: [WinError 183] Cannot create a file when that file already exists: 'Idle Racing v1.0.0 (1).ipa' -> 'Idle Racing v1.0.0.ipa'
2025-10-15 14:10:28 - Retry 2 for renaming Idle Racing v1.0.0 (1).ipa: [WinError 183] Cannot create a file when that file already exists: 'Idle Racing v1.0.0 (1).ipa' -> 'Idle Racing v1.0.0.ipa'
2025-10-15 14:10:28 - Retry 3 for renaming Idle Racing v1.0.0 (1).ipa: [WinError 183] Cannot create a file when that file already exists: 'Idle Racing v1.0.0 (1).ipa' -> 'Idle Racing v1.0.0.ipa'
2025-10-15 14:10:28 - Retry 4 for renaming Idle Racing v1.0.0 (1).ipa: [WinError 183] Cannot create a file when that file already exists: 'Idle Racing v1.0.0 (1).ipa' -> 'Idle Racing v1.0.0.ipa'
2025-10-15 14:10:28 - Failed to rename Idle Racing v1.0.0 (1).ipa after 5 attempts: [WinError 183] Cannot create a file when that file already exists: 'Idle Racing v1.0.0 (1).ipa' -> 'Idle Racing v1.0.0.ipa'
2025-10-15 14:10:28 - Retry 1 for renaming Idle Racing v1.0.0 (2).ipa: [WinError 183] Cannot create a file when that file already exists: 'Idle Racing v1.0.0 (2).ipa' -> 'Idle Racing v1.0.0 (1).ipa'
2025-10-15 14:10:28 - Retry 2 for renaming Idle Racing v1.0.0 (2).ipa: [WinError 183] Cannot create a file when that file already exists: 'Idle Racing v1.0.0 (2).ipa' -> 'Idle Racing v1.0.0 (1).ipa'
2025-10-15 14:10:29 - Retry 3 for renaming Idle Racing v1.0.0 (2).ipa: [WinError 183] Cannot create a file when that file already exists: 'Idle Racing v1.0.0 (2).ipa' -> 'Idle Racing v1.0.0 (1).ipa'
2025-10-15 14:10:29 - Retry 4 for renaming Idle Racing v1.0.0 (2).ipa: [WinError 183] Cannot create a file when that file already exists: 'Idle Racing v1.0.0 (2).ipa' -> 'Idle Racing v1.0.0 (1).ipa'
2025-10-15 14:10:29 - Failed to rename Idle Racing v1.0.0 (2).ipa after 5 attempts: [WinError 183] Cannot create a file when that file already exists: 'Idle Racing v1.0.0 (2).ipa' -> 'Idle Racing v1.0.0 (1).ipa'
2025-10-15 14:10:29 - Retry 1 for renaming Idle Racing v1.0.0 (3).ipa: [WinError 183] Cannot create a file when that file already exists: 'Idle Racing v1.0.0 (3).ipa' -> 'Idle Racing v1.0.0 (2).ipa'
2025-10-15 14:10:29 - Retry 2 for renaming Idle Racing v1.0.0 (3).ipa: [WinError 183] Cannot create a file when that file already exists: 'Idle Racing v1.0.0 (3).ipa' -> 'Idle Racing v1.0.0 (2).ipa'
2025-10-15 14:10:29 - Retry 3 for renaming Idle Racing v1.0.0 (3).ipa: [WinError 183] Cannot create a file when that file already exists: 'Idle Racing v1.0.0 (3).ipa' -> 'Idle Racing v1.0.0 (2).ipa'
2025-10-15 14:10:30 - Retry 4 for renaming Idle Racing v1.0.0 (3).ipa: [WinError 183] Cannot create a file when that file already exists: 'Idle Racing v1.0.0 (3).ipa' -> 'Idle Racing v1.0.0 (2).ipa'
2025-10-15 14:10:30 - Failed to rename Idle Racing v1.0.0 (3).ipa after 5 attempts: [WinError 183] Cannot create a file when that file already exists: 'Idle Racing v1.0.0 (3).ipa' -> 'Idle Racing v1.0.0 (2).ipa'
2025-10-15 14:10:30 - Retry 1 for renaming Idle Racing v1.0.0.ipa: [WinError 183] Cannot create a file when that file already exists: 'Idle Racing v1.0.0.ipa' -> 'Idle Racing v1.0.0 (3).ipa'
2025-10-15 14:10:30 - Retry 2 for renaming Idle Racing v1.0.0.ipa: [WinError 183] Cannot create a file when that file already exists: 'Idle Racing v1.0.0.ipa' -> 'Idle Racing v1.0.0 (3).ipa'
2025-10-15 14:10:30 - Retry 3 for renaming Idle Racing v1.0.0.ipa: [WinError 183] Cannot create a file when that file already exists: 'Idle Racing v1.0.0.ipa' -> 'Idle Racing v1.0.0 (3).ipa'
2025-10-15 14:10:30 - Retry 4 for renaming Idle Racing v1.0.0.ipa: [WinError 183] Cannot create a file when that file already exists: 'Idle Racing v1.0.0.ipa' -> 'Idle Racing v1.0.0 (3).ipa'
2025-10-15 14:10:30 - Failed to rename Idle Racing v1.0.0.ipa after 5 attempts: [WinError 183] Cannot create a file when that file already exists: 'Idle Racing v1.0.0.ipa' -> 'Idle Racing v1.0.0 (3).ipa'
2025-10-15 14:10:30 - Renamed to Idle Racing v1.0.0 (2).apk
2025-10-15 14:10:30 - Renamed to Necro Horde v0.1.0 (1).apk
2025-10-15 14:10:30 - Renamed to Noodle Out v0.1.0 (1).apk
2025-10-15 14:10:31 - Retry 1 for renaming OmNom Verse v1.0.3 (1).ipa: [WinError 183] Cannot create a file when that file already exists: 'OmNom Verse v1.0.3 (1).ipa' -> 'OmNom Verse v1.0.3.ipa'
2025-10-15 14:10:31 - Retry 2 for renaming OmNom Verse v1.0.3 (1).ipa: [WinError 183] Cannot create a file when that file already exists: 'OmNom Verse v1.0.3 (1).ipa' -> 'OmNom Verse v1.0.3.ipa'
2025-10-15 14:10:31 - Retry 3 for renaming OmNom Verse v1.0.3 (1).ipa: [WinError 183] Cannot create a file when that file already exists: 'OmNom Verse v1.0.3 (1).ipa' -> 'OmNom Verse v1.0.3.ipa'
2025-10-15 14:10:31 - Retry 4 for renaming OmNom Verse v1.0.3 (1).ipa: [WinError 183] Cannot create a file when that file already exists: 'OmNom Verse v1.0.3 (1).ipa' -> 'OmNom Verse v1.0.3.ipa'
2025-10-15 14:10:31 - Failed to rename OmNom Verse v1.0.3 (1).ipa after 5 attempts: [WinError 183] Cannot create a file when that file already exists: 'OmNom Verse v1.0.3 (1).ipa' -> 'OmNom Verse v1.0.3.ipa'
2025-10-15 14:10:32 - Retry 1 for renaming OmNom Verse v1.0.3.ipa: [WinError 183] Cannot create a file when that file already exists: 'OmNom Verse v1.0.3.ipa' -> 'OmNom Verse v1.0.3 (1).ipa'
2025-10-15 14:10:32 - Retry 2 for renaming OmNom Verse v1.0.3.ipa: [WinError 183] Cannot create a file when that file already exists: 'OmNom Verse v1.0.3.ipa' -> 'OmNom Verse v1.0.3 (1).ipa'
2025-10-15 14:10:32 - Retry 3 for renaming OmNom Verse v1.0.3.ipa: [WinError 183] Cannot create a file when that file already exists: 'OmNom Verse v1.0.3.ipa' -> 'OmNom Verse v1.0.3 (1).ipa'
2025-10-15 14:10:32 - Retry 4 for renaming OmNom Verse v1.0.3.ipa: [WinError 183] Cannot create a file when that file already exists: 'OmNom Verse v1.0.3.ipa' -> 'OmNom Verse v1.0.3 (1).ipa'
2025-10-15 14:10:32 - Failed to rename OmNom Verse v1.0.3.ipa after 5 attempts: [WinError 183] Cannot create a file when that file already exists: 'OmNom Verse v1.0.3.ipa' -> 'OmNom Verse v1.0.3 (1).ipa'
2025-10-15 14:10:32 - Renamed to OmNomFarm v0.1.11 (1).apk
2025-10-15 14:10:32 - Retry 1 for renaming Overcrowded Dungeons v1.0.0 (1).ipa: [WinError 183] Cannot create a file when that file already exists: 'Overcrowded Dungeons v1.0.0 (1).ipa' -> 'Overcrowded Dungeons v1.0.0.ipa'
2025-10-15 14:10:33 - Retry 2 for renaming Overcrowded Dungeons v1.0.0 (1).ipa: [WinError 183] Cannot create a file when that file already exists: 'Overcrowded Dungeons v1.0.0 (1).ipa' -> 'Overcrowded Dungeons v1.0.0.ipa'
2025-10-15 14:10:33 - Retry 3 for renaming Overcrowded Dungeons v1.0.0 (1).ipa: [WinError 183] Cannot create a file when that file already exists: 'Overcrowded Dungeons v1.0.0 (1).ipa' -> 'Overcrowded Dungeons v1.0.0.ipa'
2025-10-15 14:10:33 - Retry 4 for renaming Overcrowded Dungeons v1.0.0 (1).ipa: [WinError 183] Cannot create a file when that file already exists: 'Overcrowded Dungeons v1.0.0 (1).ipa' -> 'Overcrowded Dungeons v1.0.0.ipa'
2025-10-15 14:10:33 - Failed to rename Overcrowded Dungeons v1.0.0 (1).ipa after 5 attempts: [WinError 183] Cannot create a file when that file already exists: 'Overcrowded Dungeons v1.0.0 (1).ipa' -> 'Overcrowded Dungeons v1.0.0.ipa'
2025-10-15 14:10:33 - Retry 1 for renaming Overcrowded Dungeons v1.0.0 (3).ipa: [WinError 183] Cannot create a file when that file already exists: 'Overcrowded Dungeons v1.0.0 (3).ipa' -> 'Overcrowded Dungeons v1.0.0 (1).ipa'
2025-10-15 14:10:33 - Retry 2 for renaming Overcrowded Dungeons v1.0.0 (3).ipa: [WinError 183] Cannot create a file when that file already exists: 'Overcrowded Dungeons v1.0.0 (3).ipa' -> 'Overcrowded Dungeons v1.0.0 (1).ipa'
2025-10-15 14:10:34 - Retry 3 for renaming Overcrowded Dungeons v1.0.0 (3).ipa: [WinError 183] Cannot create a file when that file already exists: 'Overcrowded Dungeons v1.0.0 (3).ipa' -> 'Overcrowded Dungeons v1.0.0 (1).ipa'
2025-10-15 14:10:34 - Retry 4 for renaming Overcrowded Dungeons v1.0.0 (3).ipa: [WinError 183] Cannot create a file when that file already exists: 'Overcrowded Dungeons v1.0.0 (3).ipa' -> 'Overcrowded Dungeons v1.0.0 (1).ipa'
2025-10-15 14:10:34 - Failed to rename Overcrowded Dungeons v1.0.0 (3).ipa after 5 attempts: [WinError 183] Cannot create a file when that file already exists: 'Overcrowded Dungeons v1.0.0 (3).ipa' -> 'Overcrowded Dungeons v1.0.0 (1).ipa'
2025-10-15 14:10:34 - Retry 1 for renaming Overcrowded Dungeons v1.0.0 (4).ipa: [WinError 183] Cannot create a file when that file already exists: 'Overcrowded Dungeons v1.0.0 (4).ipa' -> 'Overcrowded Dungeons v1.0.0 (3).ipa'
2025-10-15 14:10:34 - Retry 2 for renaming Overcrowded Dungeons v1.0.0 (4).ipa: [WinError 183] Cannot create a file when that file already exists: 'Overcrowded Dungeons v1.0.0 (4).ipa' -> 'Overcrowded Dungeons v1.0.0 (3).ipa'
2025-10-15 14:10:34 - Retry 3 for renaming Overcrowded Dungeons v1.0.0 (4).ipa: [WinError 183] Cannot create a file when that file already exists: 'Overcrowded Dungeons v1.0.0 (4).ipa' -> 'Overcrowded Dungeons v1.0.0 (3).ipa'
2025-10-15 14:10:35 - Retry 4 for renaming Overcrowded Dungeons v1.0.0 (4).ipa: [WinError 183] Cannot create a file when that file already exists: 'Overcrowded Dungeons v1.0.0 (4).ipa' -> 'Overcrowded Dungeons v1.0.0 (3).ipa'
2025-10-15 14:10:35 - Failed to rename Overcrowded Dungeons v1.0.0 (4).ipa after 5 attempts: [WinError 183] Cannot create a file when that file already exists: 'Overcrowded Dungeons v1.0.0 (4).ipa' -> 'Overcrowded Dungeons v1.0.0 (3).ipa'
2025-10-15 14:10:35 - Retry 1 for renaming Overcrowded Dungeons v1.0.0.ipa: [WinError 183] Cannot create a file when that file already exists: 'Overcrowded Dungeons v1.0.0.ipa' -> 'Overcrowded Dungeons v1.0.0 (4).ipa'
2025-10-15 14:10:35 - Retry 2 for renaming Overcrowded Dungeons v1.0.0.ipa: [WinError 183] Cannot create a file when that file already exists: 'Overcrowded Dungeons v1.0.0.ipa' -> 'Overcrowded Dungeons v1.0.0 (4).ipa'
2025-10-15 14:10:35 - Retry 3 for renaming Overcrowded Dungeons v1.0.0.ipa: [WinError 183] Cannot create a file when that file already exists: 'Overcrowded Dungeons v1.0.0.ipa' -> 'Overcrowded Dungeons v1.0.0 (4).ipa'
2025-10-15 14:10:35 - Retry 4 for renaming Overcrowded Dungeons v1.0.0.ipa: [WinError 183] Cannot create a file when that file already exists: 'Overcrowded Dungeons v1.0.0.ipa' -> 'Overcrowded Dungeons v1.0.0 (4).ipa'
2025-10-15 14:10:35 - Failed to rename Overcrowded Dungeons v1.0.0.ipa after 5 attempts: [WinError 183] Cannot create a file when that file already exists: 'Overcrowded Dungeons v1.0.0.ipa' -> 'Overcrowded Dungeons v1.0.0 (4).ipa'
2025-10-15 14:10:35 - Renamed to Overcrowded Dungeons v1.0.0 (2).apk
2025-10-15 14:10:36 - Retry 1 for renaming Place Your People v1.0.0 (1).ipa: [WinError 183] Cannot create a file when that file already exists: 'Place Your People v1.0.0 (1).ipa' -> 'Place Your People v1.0.0.ipa'
2025-10-15 14:10:36 - Retry 2 for renaming Place Your People v1.0.0 (1).ipa: [WinError 183] Cannot create a file when that file already exists: 'Place Your People v1.0.0 (1).ipa' -> 'Place Your People v1.0.0.ipa'
2025-10-15 14:10:36 - Retry 3 for renaming Place Your People v1.0.0 (1).ipa: [WinError 183] Cannot create a file when that file already exists: 'Place Your People v1.0.0 (1).ipa' -> 'Place Your People v1.0.0.ipa'
2025-10-15 14:10:36 - Retry 4 for renaming Place Your People v1.0.0 (1).ipa: [WinError 183] Cannot create a file when that file already exists: 'Place Your People v1.0.0 (1).ipa' -> 'Place Your People v1.0.0.ipa'
2025-10-15 14:10:36 - Failed to rename Place Your People v1.0.0 (1).ipa after 5 attempts: [WinError 183] Cannot create a file when that file already exists: 'Place Your People v1.0.0 (1).ipa' -> 'Place Your People v1.0.0.ipa'
2025-10-15 14:10:36 - Retry 1 for renaming Place Your People v1.0.0 (1).apk: [WinError 183] Cannot create a file when that file already exists: 'Place Your People v1.0.0 (1).apk' -> 'Place Your People v1.0.0 (2).apk'
2025-10-15 14:10:37 - Retry 2 for renaming Place Your People v1.0.0 (1).apk: [WinError 183] Cannot create a file when that file already exists: 'Place Your People v1.0.0 (1).apk' -> 'Place Your People v1.0.0 (2).apk'
2025-10-15 14:10:37 - Retry 3 for renaming Place Your People v1.0.0 (1).apk: [WinError 183] Cannot create a file when that file already exists: 'Place Your People v1.0.0 (1).apk' -> 'Place Your People v1.0.0 (2).apk'
2025-10-15 14:10:37 - Retry 4 for renaming Place Your People v1.0.0 (1).apk: [WinError 183] Cannot create a file when that file already exists: 'Place Your People v1.0.0 (1).apk' -> 'Place Your People v1.0.0 (2).apk'
2025-10-15 14:10:37 - Failed to rename Place Your People v1.0.0 (1).apk after 5 attempts: [WinError 183] Cannot create a file when that file already exists: 'Place Your People v1.0.0 (1).apk' -> 'Place Your People v1.0.0 (2).apk'
2025-10-15 14:10:37 - Retry 1 for renaming Place Your People v1.0.0 (2).ipa: [WinError 183] Cannot create a file when that file already exists: 'Place Your People v1.0.0 (2).ipa' -> 'Place Your People v1.0.0 (1).ipa'
2025-10-15 14:10:37 - Retry 2 for renaming Place Your People v1.0.0 (2).ipa: [WinError 183] Cannot create a file when that file already exists: 'Place Your People v1.0.0 (2).ipa' -> 'Place Your People v1.0.0 (1).ipa'
2025-10-15 14:10:38 - Retry 3 for renaming Place Your People v1.0.0 (2).ipa: [WinError 183] Cannot create a file when that file already exists: 'Place Your People v1.0.0 (2).ipa' -> 'Place Your People v1.0.0 (1).ipa'
2025-10-15 14:10:38 - Retry 4 for renaming Place Your People v1.0.0 (2).ipa: [WinError 183] Cannot create a file when that file already exists: 'Place Your People v1.0.0 (2).ipa' -> 'Place Your People v1.0.0 (1).ipa'
2025-10-15 14:10:38 - Failed to rename Place Your People v1.0.0 (2).ipa after 5 attempts: [WinError 183] Cannot create a file when that file already exists: 'Place Your People v1.0.0 (2).ipa' -> 'Place Your People v1.0.0 (1).ipa'
2025-10-15 14:10:38 - Renamed to Overcrowded Dungeons v1.0.0 (3).apk
2025-10-15 14:10:38 - Retry 1 for renaming Place Your People v1.0.0 (3).ipa: [WinError 183] Cannot create a file when that file already exists: 'Place Your People v1.0.0 (3).ipa' -> 'Place Your People v1.0.0 (2).ipa'
2025-10-15 14:10:38 - Retry 2 for renaming Place Your People v1.0.0 (3).ipa: [WinError 183] Cannot create a file when that file already exists: 'Place Your People v1.0.0 (3).ipa' -> 'Place Your People v1.0.0 (2).ipa'
2025-10-15 14:10:38 - Retry 3 for renaming Place Your People v1.0.0 (3).ipa: [WinError 183] Cannot create a file when that file already exists: 'Place Your People v1.0.0 (3).ipa' -> 'Place Your People v1.0.0 (2).ipa'
2025-10-15 14:10:39 - Retry 4 for renaming Place Your People v1.0.0 (3).ipa: [WinError 183] Cannot create a file when that file already exists: 'Place Your People v1.0.0 (3).ipa' -> 'Place Your People v1.0.0 (2).ipa'
2025-10-15 14:10:39 - Failed to rename Place Your People v1.0.0 (3).ipa after 5 attempts: [WinError 183] Cannot create a file when that file already exists: 'Place Your People v1.0.0 (3).ipa' -> 'Place Your People v1.0.0 (2).ipa'
2025-10-15 14:10:39 - Renamed to Place Your People v1.0.0 (3).apk
2025-10-15 14:10:39 - Retry 1 for renaming Place Your People v1.0.0.ipa: [WinError 183] Cannot create a file when that file already exists: 'Place Your People v1.0.0.ipa' -> 'Place Your People v1.0.0 (3).ipa'
2025-10-15 14:10:39 - Retry 2 for renaming Place Your People v1.0.0.ipa: [WinError 183] Cannot create a file when that file already exists: 'Place Your People v1.0.0.ipa' -> 'Place Your People v1.0.0 (3).ipa'
2025-10-15 14:10:39 - Retry 3 for renaming Place Your People v1.0.0.ipa: [WinError 183] Cannot create a file when that file already exists: 'Place Your People v1.0.0.ipa' -> 'Place Your People v1.0.0 (3).ipa'
2025-10-15 14:10:39 - Retry 4 for renaming Place Your People v1.0.0.ipa: [WinError 183] Cannot create a file when that file already exists: 'Place Your People v1.0.0.ipa' -> 'Place Your People v1.0.0 (3).ipa'
2025-10-15 14:10:39 - Failed to rename Place Your People v1.0.0.ipa after 5 attempts: [WinError 183] Cannot create a file when that file already exists: 'Place Your People v1.0.0.ipa' -> 'Place Your People v1.0.0 (3).ipa'
2025-10-15 14:10:39 - Renamed to Place Your People v1.0.0 (4).apk
2025-10-15 14:10:40 - Retry 1 for renaming Snackdown v1.0 (1).ipa: [WinError 183] Cannot create a file when that file already exists: 'Snackdown v1.0 (1).ipa' -> 'Snackdown v1.0.ipa'
2025-10-15 14:10:40 - Retry 2 for renaming Snackdown v1.0 (1).ipa: [WinError 183] Cannot create a file when that file already exists: 'Snackdown v1.0 (1).ipa' -> 'Snackdown v1.0.ipa'
2025-10-15 14:10:40 - Retry 3 for renaming Snackdown v1.0 (1).ipa: [WinError 183] Cannot create a file when that file already exists: 'Snackdown v1.0 (1).ipa' -> 'Snackdown v1.0.ipa'
2025-10-15 14:10:40 - Retry 4 for renaming Snackdown v1.0 (1).ipa: [WinError 183] Cannot create a file when that file already exists: 'Snackdown v1.0 (1).ipa' -> 'Snackdown v1.0.ipa'
2025-10-15 14:10:40 - Failed to rename Snackdown v1.0 (1).ipa after 5 attempts: [WinError 183] Cannot create a file when that file already exists: 'Snackdown v1.0 (1).ipa' -> 'Snackdown v1.0.ipa'
2025-10-15 14:10:40 - Retry 1 for renaming Snackdown v1.0.ipa: [WinError 183] Cannot create a file when that file already exists: 'Snackdown v1.0.ipa' -> 'Snackdown v1.0 (1).ipa'
2025-10-15 14:10:41 - Retry 2 for renaming Snackdown v1.0.ipa: [WinError 183] Cannot create a file when that file already exists: 'Snackdown v1.0.ipa' -> 'Snackdown v1.0 (1).ipa'
2025-10-15 14:10:41 - Retry 3 for renaming Snackdown v1.0.ipa: [WinError 183] Cannot create a file when that file already exists: 'Snackdown v1.0.ipa' -> 'Snackdown v1.0 (1).ipa'
2025-10-15 14:10:41 - Retry 4 for renaming Snackdown v1.0.ipa: [WinError 183] Cannot create a file when that file already exists: 'Snackdown v1.0.ipa' -> 'Snackdown v1.0 (1).ipa'
2025-10-15 14:10:41 - Failed to rename Snackdown v1.0.ipa after 5 attempts: [WinError 183] Cannot create a file when that file already exists: 'Snackdown v1.0.ipa' -> 'Snackdown v1.0 (1).ipa'
2025-10-15 14:10:41 - Retry 1 for renaming Space Litter v1.0.0 (1).ipa: [WinError 183] Cannot create a file when that file already exists: 'Space Litter v1.0.0 (1).ipa' -> 'Space Litter v1.0.0.ipa'
2025-10-15 14:10:41 - Retry 2 for renaming Space Litter v1.0.0 (1).ipa: [WinError 183] Cannot create a file when that file already exists: 'Space Litter v1.0.0 (1).ipa' -> 'Space Litter v1.0.0.ipa'
2025-10-15 14:10:42 - Retry 3 for renaming Space Litter v1.0.0 (1).ipa: [WinError 183] Cannot create a file when that file already exists: 'Space Litter v1.0.0 (1).ipa' -> 'Space Litter v1.0.0.ipa'
2025-10-15 14:10:42 - Retry 4 for renaming Space Litter v1.0.0 (1).ipa: [WinError 183] Cannot create a file when that file already exists: 'Space Litter v1.0.0 (1).ipa' -> 'Space Litter v1.0.0.ipa'
2025-10-15 14:10:42 - Failed to rename Space Litter v1.0.0 (1).ipa after 5 attempts: [WinError 183] Cannot create a file when that file already exists: 'Space Litter v1.0.0 (1).ipa' -> 'Space Litter v1.0.0.ipa'
2025-10-15 14:10:42 - Retry 1 for renaming Space Litter v1.0.0 (10).ipa: [WinError 183] Cannot create a file when that file already exists: 'Space Litter v1.0.0 (10).ipa' -> 'Space Litter v1.0.0 (1).ipa'
2025-10-15 14:10:42 - Retry 2 for renaming Space Litter v1.0.0 (10).ipa: [WinError 183] Cannot create a file when that file already exists: 'Space Litter v1.0.0 (10).ipa' -> 'Space Litter v1.0.0 (1).ipa'
2025-10-15 14:10:42 - Retry 3 for renaming Space Litter v1.0.0 (10).ipa: [WinError 183] Cannot create a file when that file already exists: 'Space Litter v1.0.0 (10).ipa' -> 'Space Litter v1.0.0 (1).ipa'
2025-10-15 14:10:43 - Retry 4 for renaming Space Litter v1.0.0 (10).ipa: [WinError 183] Cannot create a file when that file already exists: 'Space Litter v1.0.0 (10).ipa' -> 'Space Litter v1.0.0 (1).ipa'
2025-10-15 14:10:43 - Failed to rename Space Litter v1.0.0 (10).ipa after 5 attempts: [WinError 183] Cannot create a file when that file already exists: 'Space Litter v1.0.0 (10).ipa' -> 'Space Litter v1.0.0 (1).ipa'
2025-10-15 14:10:43 - Retry 1 for renaming Space Litter v1.0.0 (1).apk: [WinError 183] Cannot create a file when that file already exists: 'Space Litter v1.0.0 (1).apk' -> 'Space Litter v1.0.0 (4).apk'
2025-10-15 14:10:43 - Retry 2 for renaming Space Litter v1.0.0 (1).apk: [WinError 183] Cannot create a file when that file already exists: 'Space Litter v1.0.0 (1).apk' -> 'Space Litter v1.0.0 (4).apk'
2025-10-15 14:10:43 - Retry 3 for renaming Space Litter v1.0.0 (1).apk: [WinError 183] Cannot create a file when that file already exists: 'Space Litter v1.0.0 (1).apk' -> 'Space Litter v1.0.0 (4).apk'
2025-10-15 14:10:43 - Retry 4 for renaming Space Litter v1.0.0 (1).apk: [WinError 183] Cannot create a file when that file already exists: 'Space Litter v1.0.0 (1).apk' -> 'Space Litter v1.0.0 (4).apk'
2025-10-15 14:10:43 - Failed to rename Space Litter v1.0.0 (1).apk after 5 attempts: [WinError 183] Cannot create a file when that file already exists: 'Space Litter v1.0.0 (1).apk' -> 'Space Litter v1.0.0 (4).apk'
2025-10-15 14:10:44 - Retry 1 for renaming Space Litter v1.0.0 (2).apk: [WinError 183] Cannot create a file when that file already exists: 'Space Litter v1.0.0 (2).apk' -> 'Space Litter v1.0.0 (5).apk'
2025-10-15 14:10:44 - Retry 2 for renaming Space Litter v1.0.0 (2).apk: [WinError 183] Cannot create a file when that file already exists: 'Space Litter v1.0.0 (2).apk' -> 'Space Litter v1.0.0 (5).apk'
2025-10-15 14:10:44 - Retry 3 for renaming Space Litter v1.0.0 (2).apk: [WinError 183] Cannot create a file when that file already exists: 'Space Litter v1.0.0 (2).apk' -> 'Space Litter v1.0.0 (5).apk'
2025-10-15 14:10:44 - Retry 4 for renaming Space Litter v1.0.0 (2).apk: [WinError 183] Cannot create a file when that file already exists: 'Space Litter v1.0.0 (2).apk' -> 'Space Litter v1.0.0 (5).apk'
2025-10-15 14:10:44 - Failed to rename Space Litter v1.0.0 (2).apk after 5 attempts: [WinError 183] Cannot create a file when that file already exists: 'Space Litter v1.0.0 (2).apk' -> 'Space Litter v1.0.0 (5).apk'
2025-10-15 14:10:44 - Retry 1 for renaming Space Litter v1.0.0 (4).apk: [WinError 183] Cannot create a file when that file already exists: 'Space Litter v1.0.0 (4).apk' -> 'Space Litter v1.0.0 (6).apk'
2025-10-15 14:10:45 - Retry 2 for renaming Space Litter v1.0.0 (4).apk: [WinError 183] Cannot create a file when that file already exists: 'Space Litter v1.0.0 (4).apk' -> 'Space Litter v1.0.0 (6).apk'
2025-10-15 14:10:45 - Retry 3 for renaming Space Litter v1.0.0 (4).apk: [WinError 183] Cannot create a file when that file already exists: 'Space Litter v1.0.0 (4).apk' -> 'Space Litter v1.0.0 (6).apk'
2025-10-15 14:10:45 - Retry 4 for renaming Space Litter v1.0.0 (4).apk: [WinError 183] Cannot create a file when that file already exists: 'Space Litter v1.0.0 (4).apk' -> 'Space Litter v1.0.0 (6).apk'
2025-10-15 14:10:45 - Failed to rename Space Litter v1.0.0 (4).apk after 5 attempts: [WinError 183] Cannot create a file when that file already exists: 'Space Litter v1.0.0 (4).apk' -> 'Space Litter v1.0.0 (6).apk'
2025-10-15 14:10:45 - Renamed to Space Litter v1.0.0 (7).apk
2025-10-15 14:10:45 - Renamed to Space Litter v1.0.0 (8).apk
2025-10-15 14:10:45 - Retry 1 for renaming Space Litter v1.0.0.ipa: [WinError 183] Cannot create a file when that file already exists: 'Space Litter v1.0.0.ipa' -> 'Space Litter v1.0.0 (10).ipa'
2025-10-15 14:10:45 - Retry 2 for renaming Space Litter v1.0.0.ipa: [WinError 183] Cannot create a file when that file already exists: 'Space Litter v1.0.0.ipa' -> 'Space Litter v1.0.0 (10).ipa'
2025-10-15 14:10:46 - Retry 3 for renaming Space Litter v1.0.0.ipa: [WinError 183] Cannot create a file when that file already exists: 'Space Litter v1.0.0.ipa' -> 'Space Litter v1.0.0 (10).ipa'
2025-10-15 14:10:46 - Retry 4 for renaming Space Litter v1.0.0.ipa: [WinError 183] Cannot create a file when that file already exists: 'Space Litter v1.0.0.ipa' -> 'Space Litter v1.0.0 (10).ipa'
2025-10-15 14:10:46 - Failed to rename Space Litter v1.0.0.ipa after 5 attempts: [WinError 183] Cannot create a file when that file already exists: 'Space Litter v1.0.0.ipa' -> 'Space Litter v1.0.0 (10).ipa'
2025-10-15 14:10:46 - Renamed to Space Litter v1.0.0 (9).apk
2025-10-15 14:10:46 - Renamed to Space Litter v1.0.0 (10).apk
2025-10-15 14:10:46 - Renamed to Steel Revolt v1.3 (1).apk
2025-10-15 14:10:46 - Retry 1 for renaming World of Tower Defence v1.0.0 (1).ipa: [WinError 183] Cannot create a file when that file already exists: 'World of Tower Defence v1.0.0 (1).ipa' -> 'World of Tower Defence v1.0.0.ipa'
2025-10-15 14:10:46 - Retry 2 for renaming World of Tower Defence v1.0.0 (1).ipa: [WinError 183] Cannot create a file when that file already exists: 'World of Tower Defence v1.0.0 (1).ipa' -> 'World of Tower Defence v1.0.0.ipa'
2025-10-15 14:10:46 - Retry 3 for renaming World of Tower Defence v1.0.0 (1).ipa: [WinError 183] Cannot create a file when that file already exists: 'World of Tower Defence v1.0.0 (1).ipa' -> 'World of Tower Defence v1.0.0.ipa'
2025-10-15 14:10:47 - Retry 4 for renaming World of Tower Defence v1.0.0 (1).ipa: [WinError 183] Cannot create a file when that file already exists: 'World of Tower Defence v1.0.0 (1).ipa' -> 'World of Tower Defence v1.0.0.ipa'
2025-10-15 14:10:47 - Failed to rename World of Tower Defence v1.0.0 (1).ipa after 5 attempts: [WinError 183] Cannot create a file when that file already exists: 'World of Tower Defence v1.0.0 (1).ipa' -> 'World of Tower Defence v1.0.0.ipa'
2025-10-15 14:10:47 - Retry 1 for renaming World of Tower Defence v1.0.0 (2).ipa: [WinError 183] Cannot create a file when that file already exists: 'World of Tower Defence v1.0.0 (2).ipa' -> 'World of Tower Defence v1.0.0 (1).ipa'
2025-10-15 14:10:47 - Retry 2 for renaming World of Tower Defence v1.0.0 (2).ipa: [WinError 183] Cannot create a file when that file already exists: 'World of Tower Defence v1.0.0 (2).ipa' -> 'World of Tower Defence v1.0.0 (1).ipa'
2025-10-15 14:10:47 - Retry 3 for renaming World of Tower Defence v1.0.0 (2).ipa: [WinError 183] Cannot create a file when that file already exists: 'World of Tower Defence v1.0.0 (2).ipa' -> 'World of Tower Defence v1.0.0 (1).ipa'
2025-10-15 14:10:48 - Retry 4 for renaming World of Tower Defence v1.0.0 (2).ipa: [WinError 183] Cannot create a file when that file already exists: 'World of Tower Defence v1.0.0 (2).ipa' -> 'World of Tower Defence v1.0.0 (1).ipa'
2025-10-15 14:10:48 - Failed to rename World of Tower Defence v1.0.0 (2).ipa after 5 attempts: [WinError 183] Cannot create a file when that file already exists: 'World of Tower Defence v1.0.0 (2).ipa' -> 'World of Tower Defence v1.0.0 (1).ipa'
2025-10-15 14:10:48 - Retry 1 for renaming World of Tower Defence v1.0.0 (3).ipa: [WinError 183] Cannot create a file when that file already exists: 'World of Tower Defence v1.0.0 (3).ipa' -> 'World of Tower Defence v1.0.0 (2).ipa'
2025-10-15 14:10:48 - Retry 2 for renaming World of Tower Defence v1.0.0 (3).ipa: [WinError 183] Cannot create a file when that file already exists: 'World of Tower Defence v1.0.0 (3).ipa' -> 'World of Tower Defence v1.0.0 (2).ipa'
2025-10-15 14:10:48 - Retry 3 for renaming World of Tower Defence v1.0.0 (3).ipa: [WinError 183] Cannot create a file when that file already exists: 'World of Tower Defence v1.0.0 (3).ipa' -> 'World of Tower Defence v1.0.0 (2).ipa'
2025-10-15 14:10:48 - Retry 4 for renaming World of Tower Defence v1.0.0 (3).ipa: [WinError 183] Cannot create a file when that file already exists: 'World of Tower Defence v1.0.0 (3).ipa' -> 'World of Tower Defence v1.0.0 (2).ipa'
2025-10-15 14:10:48 - Failed to rename World of Tower Defence v1.0.0 (3).ipa after 5 attempts: [WinError 183] Cannot create a file when that file already exists: 'World of Tower Defence v1.0.0 (3).ipa' -> 'World of Tower Defence v1.0.0 (2).ipa'
2025-10-15 14:10:49 - Retry 1 for renaming World of Tower Defence v1.0.0.ipa: [WinError 183] Cannot create a file when that file already exists: 'World of Tower Defence v1.0.0.ipa' -> 'World of Tower Defence v1.0.0 (3).ipa'
2025-10-15 14:10:49 - Retry 2 for renaming World of Tower Defence v1.0.0.ipa: [WinError 183] Cannot create a file when that file already exists: 'World of Tower Defence v1.0.0.ipa' -> 'World of Tower Defence v1.0.0 (3).ipa'
2025-10-15 14:10:49 - Retry 3 for renaming World of Tower Defence v1.0.0.ipa: [WinError 183] Cannot create a file when that file already exists: 'World of Tower Defence v1.0.0.ipa' -> 'World of Tower Defence v1.0.0 (3).ipa'
2025-10-15 14:10:49 - Retry 4 for renaming World of Tower Defence v1.0.0.ipa: [WinError 183] Cannot create a file when that file already exists: 'World of Tower Defence v1.0.0.ipa' -> 'World of Tower Defence v1.0.0 (3).ipa'
2025-10-15 14:10:49 - Failed to rename World of Tower Defence v1.0.0.ipa after 5 attempts: [WinError 183] Cannot create a file when that file already exists: 'World of Tower Defence v1.0.0.ipa' -> 'World of Tower Defence v1.0.0 (3).ipa'
2025-10-15 14:10:49 - Retry 1 for renaming World of Tower Defence v1.0.0 (1).apk: [WinError 183] Cannot create a file when that file already exists: 'World of Tower Defence v1.0.0 (1).apk' -> 'World of Tower Defence v1.0.0.apk'
2025-10-15 14:10:50 - Retry 2 for renaming World of Tower Defence v1.0.0 (1).apk: [WinError 183] Cannot create a file when that file already exists: 'World of Tower Defence v1.0.0 (1).apk' -> 'World of Tower Defence v1.0.0.apk'
2025-10-15 14:10:50 - Retry 3 for renaming World of Tower Defence v1.0.0 (1).apk: [WinError 183] Cannot create a file when that file already exists: 'World of Tower Defence v1.0.0 (1).apk' -> 'World of Tower Defence v1.0.0.apk'
2025-10-15 14:10:50 - Retry 4 for renaming World of Tower Defence v1.0.0 (1).apk: [WinError 183] Cannot create a file when that file already exists: 'World of Tower Defence v1.0.0 (1).apk' -> 'World of Tower Defence v1.0.0.apk'
2025-10-15 14:10:50 - Failed to rename World of Tower Defence v1.0.0 (1).apk after 5 attempts: [WinError 183] Cannot create a file when that file already exists: 'World of Tower Defence v1.0.0 (1).apk' -> 'World of Tower Defence v1.0.0.apk'
2025-10-15 14:10:50 - Retry 1 for renaming World of Tower Defence v1.0.0.apk: [WinError 183] Cannot create a file when that file already exists: 'World of Tower Defence v1.0.0.apk' -> 'World of Tower Defence v1.0.0 (1).apk'
2025-10-15 14:10:50 - Retry 2 for renaming World of Tower Defence v1.0.0.apk: [WinError 183] Cannot create a file when that file already exists: 'World of Tower Defence v1.0.0.apk' -> 'World of Tower Defence v1.0.0 (1).apk'
2025-10-15 14:10:51 - Retry 3 for renaming World of Tower Defence v1.0.0.apk: [WinError 183] Cannot create a file when that file already exists: 'World of Tower Defence v1.0.0.apk' -> 'World of Tower Defence v1.0.0 (1).apk'
2025-10-15 14:10:51 - Retry 4 for renaming World of Tower Defence v1.0.0.apk: [WinError 183] Cannot create a file when that file already exists: 'World of Tower Defence v1.0.0.apk' -> 'World of Tower Defence v1.0.0 (1).apk'
2025-10-15 14:10:51 - Failed to rename World of Tower Defence v1.0.0.apk after 5 attempts: [WinError 183] Cannot create a file when that file already exists: 'World of Tower Defence v1.0.0.apk' -> 'World of Tower Defence v1.0.0 (1).apk'
2025-10-15 14:10:51 - Renamed to Zombillion Spin v0.0.1 (1).apk
